WARNING:werkzeug: * Running on all addresses.
   WARNING: This is a development server. Do not use it in a production deployment.
INFO:werkzeug: * Running on http://172.18.0.17:8080/ (Press CTRL+C to quit)
INFO:werkzeug:172.18.0.1 - - [24/Oct/2021 17:14:33] "GET / HTTP/1.1" 200 -
WARNING:werkzeug: * Running on all addresses.
   WARNING: This is a development server. Do not use it in a production deployment.
INFO:werkzeug: * Running on http://172.18.0.11:8080/ (Press CTRL+C to quit)
INFO:werkzeug:172.18.0.1 - - [25/Oct/2021 15:09:24] "HEAD / HTTP/1.1" 200 -
INFO:werkzeug:172.18.0.1 - - [25/Oct/2021 15:14:24] "HEAD / HTTP/1.1" 200 -
INFO:werkzeug:172.18.0.1 - - [25/Oct/2021 15:19:24] "HEAD / HTTP/1.1" 200 -
INFO:werkzeug:172.18.0.1 - - [25/Oct/2021 15:24:24] "HEAD / HTTP/1.1" 200 -
INFO:werkzeug:172.18.0.1 - - [25/Oct/2021 15:29:24] "HEAD / HTTP/1.1" 200 -
INFO:werkzeug:172.18.0.1 - - [25/Oct/2021 15:34:24] "HEAD / HTTP/1.1" 200 -
INFO:werkzeug:172.18.0.1 - - [25/Oct/2021 15:39:24] "HEAD / HTTP/1.1" 200 -
INFO:werkzeug:172.18.0.1 - - [25/Oct/2021 15:44:24] "HEAD / HTTP/1.1" 200 -
INFO:werkzeug:172.18.0.1 - - [25/Oct/2021 15:49:24] "HEAD / HTTP/1.1" 200 -
INFO:werkzeug:172.18.0.1 - - [25/Oct/2021 15:52:45] "GET / HTTP/1.1" 200 -
INFO:werkzeug:172.18.0.1 - - [25/Oct/2021 15:54:24] "HEAD / HTTP/1.1" 200 -
INFO:werkzeug:172.18.0.1 - - [25/Oct/2021 15:59:24] "HEAD / HTTP/1.1" 200 -
ERROR:root:
 Command raised an exception: FileNotFoundError: [Errno 2] No such file or directory: 'message.json' - 2021-10-25 16:00:39.828815 

ERROR:root:
 Command raised an exception: FileNotFoundError: [Errno 2] No such file or directory: 'message.json' - 2021-10-25 16:00:58.542875 

INFO:werkzeug:172.18.0.1 - - [25/Oct/2021 16:04:24] "HEAD / HTTP/1.1" 200 -
INFO:werkzeug:172.18.0.1 - - [25/Oct/2021 16:09:24] "HEAD / HTTP/1.1" 200 -
INFO:werkzeug:172.18.0.1 - - [25/Oct/2021 16:14:24] "HEAD / HTTP/1.1" 200 -
ERROR:root:
 Command raised an exception: KeyError: 'member' - 2021-10-25 16:18:37.442298 

INFO:werkzeug:172.18.0.1 - - [25/Oct/2021 16:19:24] "HEAD / HTTP/1.1" 200 -
ERROR:root:
 Command raised an exception: AttributeError: 'str' object has no attribute 'name' - 2021-10-25 16:19:50.657110 

INFO:werkzeug:172.18.0.1 - - [25/Oct/2021 16:24:24] "HEAD / HTTP/1.1" 200 -
INFO:werkzeug:172.18.0.1 - - [25/Oct/2021 16:29:25] "HEAD / HTTP/1.1" 200 -
INFO:werkzeug:172.18.0.1 - - [25/Oct/2021 16:34:24] "HEAD / HTTP/1.1" 200 -
INFO:werkzeug:172.18.0.1 - - [25/Oct/2021 16:39:24] "HEAD / HTTP/1.1" 200 -
INFO:werkzeug:172.18.0.1 - - [25/Oct/2021 16:44:24] "HEAD / HTTP/1.1" 200 -
INFO:werkzeug:172.18.0.1 - - [25/Oct/2021 16:49:24] "HEAD / HTTP/1.1" 200 -
WARNING:werkzeug: * Running on all addresses.
   WARNING: This is a development server. Do not use it in a production deployment.
INFO:werkzeug: * Running on http://172.18.0.143:8080/ (Press CTRL+C to quit)
INFO:werkzeug:172.18.0.1 - - [26/Oct/2021 04:39:24] "HEAD / HTTP/1.1" 200 -
INFO:werkzeug:172.18.0.1 - - [26/Oct/2021 04:44:24] "HEAD / HTTP/1.1" 200 -
INFO:werkzeug:172.18.0.1 - - [26/Oct/2021 04:49:24] "HEAD / HTTP/1.1" 200 -
INFO:werkzeug:172.18.0.1 - - [26/Oct/2021 04:54:24] "HEAD / HTTP/1.1" 200 -
INFO:werkzeug:172.18.0.1 - - [26/Oct/2021 04:59:24] "HEAD / HTTP/1.1" 200 -
INFO:werkzeug:172.18.0.1 - - [26/Oct/2021 05:04:24] "HEAD / HTTP/1.1" 200 -
INFO:werkzeug:172.18.0.1 - - [26/Oct/2021 05:09:25] "HEAD / HTTP/1.1" 200 -
INFO:werkzeug:172.18.0.1 - - [26/Oct/2021 05:14:25] "HEAD / HTTP/1.1" 200 -
INFO:werkzeug:172.18.0.1 - - [26/Oct/2021 05:19:24] "HEAD / HTTP/1.1" 200 -
INFO:werkzeug:172.18.0.1 - - [26/Oct/2021 05:24:24] "HEAD / HTTP/1.1" 200 -
INFO:werkzeug:172.18.0.1 - - [26/Oct/2021 05:29:24] "HEAD / HTTP/1.1" 200 -
INFO:werkzeug:172.18.0.1 - - [26/Oct/2021 05:34:24] "HEAD / HTTP/1.1" 200 -
INFO:werkzeug:172.18.0.1 - - [26/Oct/2021 05:39:24] "HEAD / HTTP/1.1" 200 -
INFO:werkzeug:172.18.0.1 - - [26/Oct/2021 05:44:24] "HEAD / HTTP/1.1" 200 -
INFO:werkzeug:172.18.0.1 - - [26/Oct/2021 05:49:24] "HEAD / HTTP/1.1" 200 -
INFO:werkzeug:172.18.0.1 - - [26/Oct/2021 05:54:24] "HEAD / HTTP/1.1" 200 -
INFO:werkzeug:172.18.0.1 - - [26/Oct/2021 05:59:24] "HEAD / HTTP/1.1" 200 -
INFO:werkzeug:172.18.0.1 - - [26/Oct/2021 06:04:24] "HEAD / HTTP/1.1" 200 -
INFO:werkzeug:172.18.0.1 - - [26/Oct/2021 06:09:24] "HEAD / HTTP/1.1" 200 -
INFO:werkzeug:172.18.0.1 - - [26/Oct/2021 06:14:24] "HEAD / HTTP/1.1" 200 -
INFO:werkzeug:172.18.0.1 - - [26/Oct/2021 06:19:24] "HEAD / HTTP/1.1" 200 -
INFO:werkzeug:172.18.0.1 - - [26/Oct/2021 06:24:24] "HEAD / HTTP/1.1" 200 -
INFO:werkzeug:172.18.0.1 - - [26/Oct/2021 06:29:24] "HEAD / HTTP/1.1" 200 -
INFO:werkzeug:172.18.0.1 - - [26/Oct/2021 06:34:24] "HEAD / HTTP/1.1" 200 -
INFO:werkzeug:172.18.0.1 - - [26/Oct/2021 06:39:24] "HEAD / HTTP/1.1" 200 -
INFO:werkzeug:172.18.0.1 - - [26/Oct/2021 06:44:24] "HEAD / HTTP/1.1" 200 -
INFO:werkzeug:172.18.0.1 - - [26/Oct/2021 06:49:24] "HEAD / HTTP/1.1" 200 -
INFO:werkzeug:172.18.0.1 - - [26/Oct/2021 06:54:24] "HEAD / HTTP/1.1" 200 -
INFO:werkzeug:172.18.0.1 - - [26/Oct/2021 06:59:25] "HEAD / HTTP/1.1" 200 -
INFO:werkzeug:172.18.0.1 - - [26/Oct/2021 07:04:24] "HEAD / HTTP/1.1" 200 -
INFO:werkzeug:172.18.0.1 - - [26/Oct/2021 07:09:24] "HEAD / HTTP/1.1" 200 -
INFO:werkzeug:172.18.0.1 - - [26/Oct/2021 07:14:24] "HEAD / HTTP/1.1" 200 -
INFO:werkzeug:172.18.0.1 - - [26/Oct/2021 07:19:24] "HEAD / HTTP/1.1" 200 -
INFO:werkzeug:172.18.0.1 - - [26/Oct/2021 07:24:24] "HEAD / HTTP/1.1" 200 -
INFO:werkzeug:172.18.0.1 - - [26/Oct/2021 07:29:24] "HEAD / HTTP/1.1" 200 -
INFO:werkzeug:172.18.0.1 - - [26/Oct/2021 07:34:24] "HEAD / HTTP/1.1" 200 -
INFO:werkzeug:172.18.0.1 - - [26/Oct/2021 07:39:24] "HEAD / HTTP/1.1" 200 -
INFO:werkzeug:172.18.0.1 - - [26/Oct/2021 07:44:24] "HEAD / HTTP/1.1" 200 -
INFO:werkzeug:172.18.0.1 - - [26/Oct/2021 07:49:24] "HEAD / HTTP/1.1" 200 -
INFO:werkzeug:172.18.0.1 - - [26/Oct/2021 07:54:24] "HEAD / HTTP/1.1" 200 -
INFO:werkzeug:172.18.0.1 - - [26/Oct/2021 07:59:24] "HEAD / HTTP/1.1" 200 -
INFO:werkzeug:172.18.0.1 - - [26/Oct/2021 08:04:24] "HEAD / HTTP/1.1" 200 -
INFO:werkzeug:172.18.0.1 - - [26/Oct/2021 08:09:24] "HEAD / HTTP/1.1" 200 -
INFO:werkzeug:172.18.0.1 - - [26/Oct/2021 08:14:24] "HEAD / HTTP/1.1" 200 -
INFO:werkzeug:172.18.0.1 - - [26/Oct/2021 08:19:24] "HEAD / HTTP/1.1" 200 -
INFO:werkzeug:172.18.0.1 - - [26/Oct/2021 08:24:24] "HEAD / HTTP/1.1" 200 -
INFO:werkzeug:172.18.0.1 - - [26/Oct/2021 08:29:24] "HEAD / HTTP/1.1" 200 -
INFO:werkzeug:172.18.0.1 - - [26/Oct/2021 08:34:24] "HEAD / HTTP/1.1" 200 -
INFO:werkzeug:172.18.0.1 - - [26/Oct/2021 08:39:24] "HEAD / HTTP/1.1" 200 -
INFO:werkzeug:172.18.0.1 - - [26/Oct/2021 08:44:24] "HEAD / HTTP/1.1" 200 -
INFO:werkzeug:172.18.0.1 - - [26/Oct/2021 08:49:24] "HEAD / HTTP/1.1" 200 -
INFO:werkzeug:172.18.0.1 - - [26/Oct/2021 08:54:24] "HEAD / HTTP/1.1" 200 -
INFO:werkzeug:172.18.0.1 - - [26/Oct/2021 08:59:24] "HEAD / HTTP/1.1" 200 -
INFO:werkzeug:172.18.0.1 - - [26/Oct/2021 09:04:24] "HEAD / HTTP/1.1" 200 -
INFO:werkzeug:172.18.0.1 - - [26/Oct/2021 09:09:24] "HEAD / HTTP/1.1" 200 -
INFO:werkzeug:172.18.0.1 - - [26/Oct/2021 09:14:24] "HEAD / HTTP/1.1" 200 -
INFO:werkzeug:172.18.0.1 - - [26/Oct/2021 09:19:24] "HEAD / HTTP/1.1" 200 -
INFO:werkzeug:172.18.0.1 - - [26/Oct/2021 09:24:24] "HEAD / HTTP/1.1" 200 -
INFO:werkzeug:172.18.0.1 - - [26/Oct/2021 09:29:24] "HEAD / HTTP/1.1" 200 -
INFO:werkzeug:172.18.0.1 - - [26/Oct/2021 09:34:24] "HEAD / HTTP/1.1" 200 -
INFO:werkzeug:172.18.0.1 - - [26/Oct/2021 09:39:24] "HEAD / HTTP/1.1" 200 -
INFO:werkzeug:172.18.0.1 - - [26/Oct/2021 09:44:24] "HEAD / HTTP/1.1" 200 -
INFO:werkzeug:172.18.0.1 - - [26/Oct/2021 09:49:24] "HEAD / HTTP/1.1" 200 -
INFO:werkzeug:172.18.0.1 - - [26/Oct/2021 09:54:24] "HEAD / HTTP/1.1" 200 -
INFO:werkzeug:172.18.0.1 - - [26/Oct/2021 09:59:24] "HEAD / HTTP/1.1" 200 -
INFO:werkzeug:172.18.0.1 - - [26/Oct/2021 10:04:24] "HEAD / HTTP/1.1" 200 -
INFO:werkzeug:172.18.0.1 - - [26/Oct/2021 10:09:24] "HEAD / HTTP/1.1" 200 -
INFO:werkzeug:172.18.0.1 - - [26/Oct/2021 10:14:24] "HEAD / HTTP/1.1" 200 -
INFO:werkzeug:172.18.0.1 - - [26/Oct/2021 10:19:24] "HEAD / HTTP/1.1" 200 -
INFO:werkzeug:172.18.0.1 - - [26/Oct/2021 10:24:24] "HEAD / HTTP/1.1" 200 -
INFO:werkzeug:172.18.0.1 - - [26/Oct/2021 10:29:24] "HEAD / HTTP/1.1" 200 -
INFO:werkzeug:172.18.0.1 - - [26/Oct/2021 10:34:24] "HEAD / HTTP/1.1" 200 -
INFO:werkzeug:172.18.0.1 - - [26/Oct/2021 10:39:24] "HEAD / HTTP/1.1" 200 -
INFO:werkzeug:172.18.0.1 - - [26/Oct/2021 10:44:24] "HEAD / HTTP/1.1" 200 -
INFO:werkzeug:172.18.0.1 - - [26/Oct/2021 10:49:24] "HEAD / HTTP/1.1" 200 -
INFO:werkzeug:172.18.0.1 - - [26/Oct/2021 10:54:24] "HEAD / HTTP/1.1" 200 -
INFO:werkzeug:172.18.0.1 - - [26/Oct/2021 10:59:24] "HEAD / HTTP/1.1" 200 -
INFO:werkzeug:172.18.0.1 - - [26/Oct/2021 11:04:24] "HEAD / HTTP/1.1" 200 -
INFO:werkzeug:172.18.0.1 - - [26/Oct/2021 11:09:24] "HEAD / HTTP/1.1" 200 -
INFO:werkzeug:172.18.0.1 - - [26/Oct/2021 11:14:24] "HEAD / HTTP/1.1" 200 -
INFO:werkzeug:172.18.0.1 - - [26/Oct/2021 11:19:24] "HEAD / HTTP/1.1" 200 -
INFO:werkzeug:172.18.0.1 - - [26/Oct/2021 11:24:24] "HEAD / HTTP/1.1" 200 -
INFO:werkzeug:172.18.0.1 - - [26/Oct/2021 11:29:24] "HEAD / HTTP/1.1" 200 -
INFO:werkzeug:172.18.0.1 - - [26/Oct/2021 11:34:24] "HEAD / HTTP/1.1" 200 -
INFO:werkzeug:172.18.0.1 - - [26/Oct/2021 11:39:24] "HEAD / HTTP/1.1" 200 -
INFO:werkzeug:172.18.0.1 - - [26/Oct/2021 11:44:24] "HEAD / HTTP/1.1" 200 -
INFO:werkzeug:172.18.0.1 - - [26/Oct/2021 11:49:24] "HEAD / HTTP/1.1" 200 -
INFO:werkzeug:172.18.0.1 - - [26/Oct/2021 11:54:24] "HEAD / HTTP/1.1" 200 -
INFO:werkzeug:172.18.0.1 - - [26/Oct/2021 11:59:24] "HEAD / HTTP/1.1" 200 -
INFO:werkzeug:172.18.0.1 - - [26/Oct/2021 12:04:24] "HEAD / HTTP/1.1" 200 -
INFO:werkzeug:172.18.0.1 - - [26/Oct/2021 12:09:24] "HEAD / HTTP/1.1" 200 -
INFO:werkzeug:172.18.0.1 - - [26/Oct/2021 12:14:24] "HEAD / HTTP/1.1" 200 -
INFO:werkzeug:172.18.0.1 - - [26/Oct/2021 12:19:24] "HEAD / HTTP/1.1" 200 -
INFO:werkzeug:172.18.0.1 - - [26/Oct/2021 12:24:24] "HEAD / HTTP/1.1" 200 -
INFO:werkzeug:172.18.0.1 - - [26/Oct/2021 12:29:12] "GET / HTTP/1.1" 200 -
WARNING:werkzeug: * Running on all addresses.
   WARNING: This is a development server. Do not use it in a production deployment.
INFO:werkzeug: * Running on http://172.18.0.219:8080/ (Press CTRL+C to quit)
INFO:werkzeug:172.18.0.1 - - [01/Nov/2021 06:19:44] "HEAD / HTTP/1.1" 200 -
INFO:werkzeug:172.18.0.1 - - [01/Nov/2021 06:24:44] "HEAD / HTTP/1.1" 200 -
WARNING:discord.http:We are being rate limited. Retrying in 0.17 seconds. Handled under the bucket "888052924662575104:None:/channels/{channel_id}/messages/{message_id}/reactions/{emoji}/@me"
INFO:werkzeug:172.18.0.1 - - [01/Nov/2021 06:29:44] "HEAD / HTTP/1.1" 200 -
INFO:werkzeug:172.18.0.1 - - [01/Nov/2021 06:34:44] "HEAD / HTTP/1.1" 200 -
INFO:werkzeug:172.18.0.1 - - [01/Nov/2021 06:39:44] "HEAD / HTTP/1.1" 200 -
INFO:werkzeug:172.18.0.1 - - [01/Nov/2021 06:44:44] "HEAD / HTTP/1.1" 200 -
INFO:werkzeug:172.18.0.1 - - [01/Nov/2021 06:49:44] "HEAD / HTTP/1.1" 200 -
INFO:werkzeug:172.18.0.1 - - [01/Nov/2021 06:54:44] "HEAD / HTTP/1.1" 200 -
INFO:werkzeug:172.18.0.1 - - [01/Nov/2021 06:59:44] "HEAD / HTTP/1.1" 200 -
INFO:werkzeug:172.18.0.1 - - [01/Nov/2021 07:04:44] "HEAD / HTTP/1.1" 200 -
INFO:werkzeug:172.18.0.1 - - [01/Nov/2021 07:09:44] "HEAD / HTTP/1.1" 200 -
INFO:werkzeug:172.18.0.1 - - [01/Nov/2021 07:14:44] "HEAD / HTTP/1.1" 200 -
INFO:werkzeug:172.18.0.1 - - [01/Nov/2021 07:19:44] "HEAD / HTTP/1.1" 200 -
INFO:werkzeug:172.18.0.1 - - [01/Nov/2021 07:24:44] "HEAD / HTTP/1.1" 200 -
INFO:werkzeug:172.18.0.1 - - [01/Nov/2021 07:29:44] "HEAD / HTTP/1.1" 200 -
INFO:werkzeug:172.18.0.1 - - [01/Nov/2021 07:34:44] "HEAD / HTTP/1.1" 200 -
INFO:werkzeug:172.18.0.1 - - [01/Nov/2021 07:39:44] "HEAD / HTTP/1.1" 200 -
INFO:werkzeug:172.18.0.1 - - [01/Nov/2021 07:44:44] "HEAD / HTTP/1.1" 200 -
INFO:werkzeug:172.18.0.1 - - [01/Nov/2021 07:49:44] "HEAD / HTTP/1.1" 200 -
INFO:werkzeug:172.18.0.1 - - [01/Nov/2021 07:54:44] "HEAD / HTTP/1.1" 200 -
INFO:werkzeug:172.18.0.1 - - [01/Nov/2021 07:59:44] "HEAD / HTTP/1.1" 200 -
INFO:werkzeug:172.18.0.1 - - [01/Nov/2021 08:04:44] "HEAD / HTTP/1.1" 200 -
INFO:werkzeug:172.18.0.1 - - [01/Nov/2021 08:09:44] "HEAD / HTTP/1.1" 200 -
INFO:werkzeug:172.18.0.1 - - [01/Nov/2021 08:14:44] "HEAD / HTTP/1.1" 200 -
INFO:werkzeug:172.18.0.1 - - [01/Nov/2021 08:19:44] "HEAD / HTTP/1.1" 200 -
ERROR:root:
 Command raised an exception: NotFound: 404 Not Found (error code: 10008): Unknown Message - 2021-11-01 08:24:30.007907 

INFO:werkzeug:172.18.0.1 - - [01/Nov/2021 08:24:44] "HEAD / HTTP/1.1" 200 -
INFO:werkzeug:172.18.0.1 - - [01/Nov/2021 08:29:44] "HEAD / HTTP/1.1" 200 -
INFO:werkzeug:172.18.0.1 - - [01/Nov/2021 08:34:44] "HEAD / HTTP/1.1" 200 -
ERROR:root:
 Command raised an exception: NotFound: 404 Not Found (error code: 10008): Unknown Message - 2021-11-01 08:37:12.845524 

INFO:werkzeug:172.18.0.1 - - [01/Nov/2021 08:39:44] "HEAD / HTTP/1.1" 200 -
INFO:werkzeug:172.18.0.1 - - [01/Nov/2021 08:44:44] "HEAD / HTTP/1.1" 200 -
INFO:werkzeug:172.18.0.1 - - [01/Nov/2021 08:49:44] "HEAD / HTTP/1.1" 200 -
INFO:werkzeug:172.18.0.1 - - [01/Nov/2021 08:54:44] "HEAD / HTTP/1.1" 200 -
ERROR:root:
 Command raised an exception: NotFound: 404 Not Found (error code: 10008): Unknown Message - 2021-11-01 08:59:02.298452 

INFO:werkzeug:172.18.0.1 - - [01/Nov/2021 08:59:44] "HEAD / HTTP/1.1" 200 -
INFO:werkzeug:172.18.0.1 - - [01/Nov/2021 09:04:44] "HEAD / HTTP/1.1" 200 -
INFO:werkzeug:172.18.0.1 - - [01/Nov/2021 09:09:44] "HEAD / HTTP/1.1" 200 -
INFO:werkzeug:172.18.0.1 - - [01/Nov/2021 09:14:44] "HEAD / HTTP/1.1" 200 -
INFO:werkzeug:172.18.0.1 - - [01/Nov/2021 09:19:44] "HEAD / HTTP/1.1" 200 -
INFO:werkzeug:172.18.0.1 - - [01/Nov/2021 09:24:44] "HEAD / HTTP/1.1" 200 -
INFO:werkzeug:172.18.0.1 - - [01/Nov/2021 09:29:44] "HEAD / HTTP/1.1" 200 -
INFO:werkzeug:172.18.0.1 - - [01/Nov/2021 09:34:44] "HEAD / HTTP/1.1" 200 -
INFO:werkzeug:172.18.0.1 - - [01/Nov/2021 09:39:44] "HEAD / HTTP/1.1" 200 -
INFO:werkzeug:172.18.0.1 - - [01/Nov/2021 09:44:45] "HEAD / HTTP/1.1" 200 -
INFO:werkzeug:172.18.0.1 - - [01/Nov/2021 09:49:44] "HEAD / HTTP/1.1" 200 -
INFO:werkzeug:172.18.0.1 - - [01/Nov/2021 09:54:44] "HEAD / HTTP/1.1" 200 -
INFO:werkzeug:172.18.0.1 - - [01/Nov/2021 09:59:44] "HEAD / HTTP/1.1" 200 -
INFO:werkzeug:172.18.0.1 - - [01/Nov/2021 10:04:44] "HEAD / HTTP/1.1" 200 -
INFO:werkzeug:172.18.0.1 - - [01/Nov/2021 10:09:44] "HEAD / HTTP/1.1" 200 -
INFO:werkzeug:172.18.0.1 - - [01/Nov/2021 10:14:44] "HEAD / HTTP/1.1" 200 -
INFO:werkzeug:172.18.0.1 - - [01/Nov/2021 10:19:44] "HEAD / HTTP/1.1" 200 -
INFO:werkzeug:172.18.0.1 - - [01/Nov/2021 10:24:44] "HEAD / HTTP/1.1" 200 -
INFO:werkzeug:172.18.0.1 - - [01/Nov/2021 10:29:44] "HEAD / HTTP/1.1" 200 -
INFO:werkzeug:172.18.0.1 - - [01/Nov/2021 10:34:44] "HEAD / HTTP/1.1" 200 -
INFO:werkzeug:172.18.0.1 - - [01/Nov/2021 10:39:44] "HEAD / HTTP/1.1" 200 -
INFO:werkzeug:172.18.0.1 - - [01/Nov/2021 10:44:44] "HEAD / HTTP/1.1" 200 -
INFO:werkzeug:172.18.0.1 - - [01/Nov/2021 10:49:44] "HEAD / HTTP/1.1" 200 -
INFO:werkzeug:172.18.0.1 - - [01/Nov/2021 10:54:44] "HEAD / HTTP/1.1" 200 -
INFO:werkzeug:172.18.0.1 - - [01/Nov/2021 10:59:44] "HEAD / HTTP/1.1" 200 -
INFO:werkzeug:172.18.0.1 - - [01/Nov/2021 11:04:44] "HEAD / HTTP/1.1" 200 -
INFO:werkzeug:172.18.0.1 - - [01/Nov/2021 11:09:44] "HEAD / HTTP/1.1" 200 -
INFO:werkzeug:172.18.0.1 - - [01/Nov/2021 11:14:44] "HEAD / HTTP/1.1" 200 -
INFO:werkzeug:172.18.0.1 - - [01/Nov/2021 11:19:44] "HEAD / HTTP/1.1" 200 -
INFO:werkzeug:172.18.0.1 - - [01/Nov/2021 11:24:44] "HEAD / HTTP/1.1" 200 -
INFO:werkzeug:172.18.0.1 - - [01/Nov/2021 11:29:44] "HEAD / HTTP/1.1" 200 -
INFO:werkzeug:172.18.0.1 - - [01/Nov/2021 11:34:44] "HEAD / HTTP/1.1" 200 -
INFO:werkzeug:172.18.0.1 - - [01/Nov/2021 11:39:44] "HEAD / HTTP/1.1" 200 -
INFO:werkzeug:172.18.0.1 - - [01/Nov/2021 11:44:44] "HEAD / HTTP/1.1" 200 -
INFO:werkzeug:172.18.0.1 - - [01/Nov/2021 11:49:44] "HEAD / HTTP/1.1" 200 -
INFO:werkzeug:172.18.0.1 - - [01/Nov/2021 11:54:44] "HEAD / HTTP/1.1" 200 -
INFO:werkzeug:172.18.0.1 - - [01/Nov/2021 11:59:44] "HEAD / HTTP/1.1" 200 -
INFO:werkzeug:172.18.0.1 - - [01/Nov/2021 12:04:45] "HEAD / HTTP/1.1" 200 -
INFO:werkzeug:172.18.0.1 - - [01/Nov/2021 12:09:44] "HEAD / HTTP/1.1" 200 -
INFO:werkzeug:172.18.0.1 - - [01/Nov/2021 12:14:44] "HEAD / HTTP/1.1" 200 -
INFO:werkzeug:172.18.0.1 - - [01/Nov/2021 12:19:44] "HEAD / HTTP/1.1" 200 -
INFO:werkzeug:172.18.0.1 - - [01/Nov/2021 12:24:45] "HEAD / HTTP/1.1" 200 -
INFO:werkzeug:172.18.0.1 - - [01/Nov/2021 12:29:44] "HEAD / HTTP/1.1" 200 -
INFO:werkzeug:172.18.0.1 - - [01/Nov/2021 12:34:44] "HEAD / HTTP/1.1" 200 -
INFO:werkzeug:172.18.0.1 - - [01/Nov/2021 12:38:47] "GET / HTTP/1.1" 200 -
WARNING:werkzeug: * Running on all addresses.
   WARNING: This is a development server. Do not use it in a production deployment.
INFO:werkzeug: * Running on http://172.18.0.21:8080/ (Press CTRL+C to quit)
INFO:werkzeug:172.18.0.1 - - [24/Nov/2021 16:31:38] "GET / HTTP/1.1" 200 -
INFO:werkzeug:172.18.0.1 - - [24/Nov/2021 16:31:39] "GET / HTTP/1.1" 200 -
INFO:werkzeug:172.18.0.1 - - [24/Nov/2021 16:36:14] "HEAD / HTTP/1.1" 200 -
INFO:werkzeug:172.18.0.1 - - [24/Nov/2021 16:41:14] "HEAD / HTTP/1.1" 200 -
INFO:werkzeug:172.18.0.1 - - [24/Nov/2021 16:42:31] "HEAD / HTTP/1.1" 200 -
INFO:werkzeug:172.18.0.1 - - [24/Nov/2021 16:42:41] "GET / HTTP/1.1" 200 -
WARNING:werkzeug: * Running on all addresses.
   WARNING: This is a development server. Do not use it in a production deployment.
INFO:werkzeug: * Running on http://172.18.0.35:8080/ (Press CTRL+C to quit)
INFO:werkzeug:172.18.0.1 - - [26/Nov/2021 06:39:02] "GET / HTTP/1.1" 200 -
INFO:werkzeug:172.18.0.1 - - [26/Nov/2021 06:43:33] "HEAD / HTTP/1.1" 200 -
INFO:werkzeug:172.18.0.1 - - [26/Nov/2021 06:48:33] "HEAD / HTTP/1.1" 200 -
INFO:werkzeug:172.18.0.1 - - [26/Nov/2021 06:53:33] "HEAD / HTTP/1.1" 200 -
INFO:werkzeug:172.18.0.1 - - [26/Nov/2021 06:58:33] "HEAD / HTTP/1.1" 200 -
INFO:werkzeug:172.18.0.1 - - [26/Nov/2021 07:03:33] "HEAD / HTTP/1.1" 200 -
INFO:werkzeug:172.18.0.1 - - [26/Nov/2021 07:08:33] "HEAD / HTTP/1.1" 200 -
INFO:werkzeug:172.18.0.1 - - [26/Nov/2021 07:13:33] "HEAD / HTTP/1.1" 200 -
INFO:werkzeug:172.18.0.1 - - [26/Nov/2021 07:17:18] "GET / HTTP/1.1" 200 -
WARNING:werkzeug: * Running on all addresses.
   WARNING: This is a development server. Do not use it in a production deployment.
INFO:werkzeug: * Running on http://172.18.0.35:8080/ (Press CTRL+C to quit)
INFO:werkzeug:172.18.0.1 - - [26/Nov/2021 07:17:29] "GET / HTTP/1.1" 200 -
INFO:werkzeug:172.18.0.1 - - [26/Nov/2021 07:18:33] "HEAD / HTTP/1.1" 200 -
INFO:werkzeug:172.18.0.1 - - [26/Nov/2021 07:23:33] "HEAD / HTTP/1.1" 200 -
INFO:werkzeug:172.18.0.1 - - [26/Nov/2021 07:28:33] "HEAD / HTTP/1.1" 200 -
INFO:werkzeug:172.18.0.1 - - [26/Nov/2021 07:30:24] "GET / HTTP/1.1" 200 -
WARNING:werkzeug: * Running on all addresses.
   WARNING: This is a development server. Do not use it in a production deployment.
INFO:werkzeug: * Running on http://172.18.0.35:8080/ (Press CTRL+C to quit)
INFO:werkzeug:172.18.0.1 - - [26/Nov/2021 07:30:45] "GET / HTTP/1.1" 200 -
INFO:werkzeug:172.18.0.1 - - [26/Nov/2021 07:33:33] "HEAD / HTTP/1.1" 200 -
WARNING:werkzeug: * Running on all addresses.
   WARNING: This is a development server. Do not use it in a production deployment.
INFO:werkzeug: * Running on http://172.18.0.35:8080/ (Press CTRL+C to quit)
INFO:werkzeug:172.18.0.1 - - [26/Nov/2021 07:35:27] "GET / HTTP/1.1" 200 -
INFO:werkzeug:172.18.0.1 - - [26/Nov/2021 07:38:33] "HEAD / HTTP/1.1" 200 -
ERROR:root:
 Command raised an exception: HTTPException: 429 Too Many Requests (error code: 0): <!DOCTYPE html>
<!--[if lt IE 7]> <html class="no-js ie6 oldie" lang="en-US"> <![endif]-->
<!--[if IE 7]>    <html class="no-js ie7 oldie" lang="en-US"> <![endif]-->
<!--[if IE 8]>    <html class="no-js ie8 oldie" lang="en-US"> <![endif]-->
<!--[if gt IE 8]><!--> <html class="no-js" lang="en-US"> <!--<![endif]-->
<head>
<title>Access denied | discord.com used Cloudflare to restrict access</title>
<meta charset="UTF-8" />
<meta http-equiv="Content-Type" content="text/html; charset=UTF-8" />
<meta http-equiv="X-UA-Compatible" content="IE=Edge,chrome=1" />
<meta name="robots" content="noindex, nofollow" />
<meta name="viewport" content="width=device-width,initial-scale=1" />
<link rel="stylesheet" id="cf_styles-css" href="/cdn-cgi/styles/main.css" type="text/css" media="screen,projection" />


<script defer src="https://api.radar.cloudflare.com/beacon.js"></script>
</head>
<body>
  <div id="cf-wrapper">
    <div class="cf-alert cf-alert-error cf-cookie-error hidden" id="cookie-alert" data-translate="enable_cookies">Please enable cookies.</div>
    <div id="cf-error-details" class="p-0">
      <header class="mx-auto pt-10 lg:pt-6 lg:px-8 w-240 lg:w-full mb-15 antialiased">
         <h1 class="inline-block md:block mr-2 md:mb-2 font-light text-60 md:text-3xl text-black-dark leading-tight">
           <span data-translate="error">Error</span>
           <span>1015</span>
         </h1>
         <span class="inline-block md:block heading-ray-id font-mono text-15 lg:text-sm lg:leading-relaxed">Ray ID: 6b41764d8bdb29a9 &bull;</span>
         <span class="inline-block md:block heading-ray-id font-mono text-15 lg:text-sm lg:leading-relaxed">2021-11-26 07:39:18 UTC</span>
        <h2 class="text-gray-600 leading-1.3 text-3xl lg:text-2xl font-light">You are being rate limited</h2>
      </header>

      <section class="w-240 lg:w-full mx-auto mb-8 lg:px-8">
          <div id="what-happened-section" class="w-1/2 md:w-full">
            <h2 class="text-3xl leading-tight font-normal mb-4 text-black-dark antialiased" data-translate="what_happened">What happened?</h2>
            <p>The owner of this website (discord.com) has banned you temporarily from accessing this website.</p>
            
          </div>

          
      </section>

      <div class="cf-error-footer cf-wrapper w-240 lg:w-full py-10 sm:py-4 sm:px-8 mx-auto text-center sm:text-left border-solid border-0 border-t border-gray-300">
  <p class="text-13">
    <span class="cf-footer-item sm:block sm:mb-1">Cloudflare Ray ID: <strong class="font-semibold">6b41764d8bdb29a9</strong></span>
    <span class="cf-footer-separator sm:hidden">&bull;</span>
    <span class="cf-footer-item sm:block sm:mb-1"><span>Your IP</span>: 34.70.132.179</span>
    <span class="cf-footer-separator sm:hidden">&bull;</span>
    <span class="cf-footer-item sm:block sm:mb-1"><span>Performance &amp; security by</span> <a rel="noopener noreferrer" href="https://www.cloudflare.com/5xx-error-landing" id="brand_link" target="_blank">Cloudflare</a></span>
    
  </p>
</div><!-- /.error-footer -->


    </div><!-- /#cf-error-details -->
  </div><!-- /#cf-wrapper -->

  <script type="text/javascript">
  window._cf_translation = {};
  
  
</script>

</body>
</html>
 - 2021-11-26 07:39:18.015133 

ERROR:root:
 Command raised an exception: HTTPException: 429 Too Many Requests (error code: 0): <!DOCTYPE html>
<!--[if lt IE 7]> <html class="no-js ie6 oldie" lang="en-US"> <![endif]-->
<!--[if IE 7]>    <html class="no-js ie7 oldie" lang="en-US"> <![endif]-->
<!--[if IE 8]>    <html class="no-js ie8 oldie" lang="en-US"> <![endif]-->
<!--[if gt IE 8]><!--> <html class="no-js" lang="en-US"> <!--<![endif]-->
<head>
<title>Access denied | discord.com used Cloudflare to restrict access</title>
<meta charset="UTF-8" />
<meta http-equiv="Content-Type" content="text/html; charset=UTF-8" />
<meta http-equiv="X-UA-Compatible" content="IE=Edge,chrome=1" />
<meta name="robots" content="noindex, nofollow" />
<meta name="viewport" content="width=device-width,initial-scale=1" />
<link rel="stylesheet" id="cf_styles-css" href="/cdn-cgi/styles/main.css" type="text/css" media="screen,projection" />


<script defer src="https://api.radar.cloudflare.com/beacon.js"></script>
</head>
<body>
  <div id="cf-wrapper">
    <div class="cf-alert cf-alert-error cf-cookie-error hidden" id="cookie-alert" data-translate="enable_cookies">Please enable cookies.</div>
    <div id="cf-error-details" class="p-0">
      <header class="mx-auto pt-10 lg:pt-6 lg:px-8 w-240 lg:w-full mb-15 antialiased">
         <h1 class="inline-block md:block mr-2 md:mb-2 font-light text-60 md:text-3xl text-black-dark leading-tight">
           <span data-translate="error">Error</span>
           <span>1015</span>
         </h1>
         <span class="inline-block md:block heading-ray-id font-mono text-15 lg:text-sm lg:leading-relaxed">Ray ID: 6b4176802a80635d &bull;</span>
         <span class="inline-block md:block heading-ray-id font-mono text-15 lg:text-sm lg:leading-relaxed">2021-11-26 07:39:26 UTC</span>
        <h2 class="text-gray-600 leading-1.3 text-3xl lg:text-2xl font-light">You are being rate limited</h2>
      </header>

      <section class="w-240 lg:w-full mx-auto mb-8 lg:px-8">
          <div id="what-happened-section" class="w-1/2 md:w-full">
            <h2 class="text-3xl leading-tight font-normal mb-4 text-black-dark antialiased" data-translate="what_happened">What happened?</h2>
            <p>The owner of this website (discord.com) has banned you temporarily from accessing this website.</p>
            
          </div>

          
      </section>

      <div class="cf-error-footer cf-wrapper w-240 lg:w-full py-10 sm:py-4 sm:px-8 mx-auto text-center sm:text-left border-solid border-0 border-t border-gray-300">
  <p class="text-13">
    <span class="cf-footer-item sm:block sm:mb-1">Cloudflare Ray ID: <strong class="font-semibold">6b4176802a80635d</strong></span>
    <span class="cf-footer-separator sm:hidden">&bull;</span>
    <span class="cf-footer-item sm:block sm:mb-1"><span>Your IP</span>: 34.70.132.179</span>
    <span class="cf-footer-separator sm:hidden">&bull;</span>
    <span class="cf-footer-item sm:block sm:mb-1"><span>Performance &amp; security by</span> <a rel="noopener noreferrer" href="https://www.cloudflare.com/5xx-error-landing" id="brand_link" target="_blank">Cloudflare</a></span>
    
  </p>
</div><!-- /.error-footer -->


    </div><!-- /#cf-error-details -->
  </div><!-- /#cf-wrapper -->

  <script type="text/javascript">
  window._cf_translation = {};
  
  
</script>

</body>
</html>
 - 2021-11-26 07:39:26.120125 

ERROR:root:
 Command raised an exception: HTTPException: 429 Too Many Requests (error code: 0): <!DOCTYPE html>
<!--[if lt IE 7]> <html class="no-js ie6 oldie" lang="en-US"> <![endif]-->
<!--[if IE 7]>    <html class="no-js ie7 oldie" lang="en-US"> <![endif]-->
<!--[if IE 8]>    <html class="no-js ie8 oldie" lang="en-US"> <![endif]-->
<!--[if gt IE 8]><!--> <html class="no-js" lang="en-US"> <!--<![endif]-->
<head>
<title>Access denied | discord.com used Cloudflare to restrict access</title>
<meta charset="UTF-8" />
<meta http-equiv="Content-Type" content="text/html; charset=UTF-8" />
<meta http-equiv="X-UA-Compatible" content="IE=Edge,chrome=1" />
<meta name="robots" content="noindex, nofollow" />
<meta name="viewport" content="width=device-width,initial-scale=1" />
<link rel="stylesheet" id="cf_styles-css" href="/cdn-cgi/styles/main.css" type="text/css" media="screen,projection" />


<script defer src="https://api.radar.cloudflare.com/beacon.js"></script>
</head>
<body>
  <div id="cf-wrapper">
    <div class="cf-alert cf-alert-error cf-cookie-error hidden" id="cookie-alert" data-translate="enable_cookies">Please enable cookies.</div>
    <div id="cf-error-details" class="p-0">
      <header class="mx-auto pt-10 lg:pt-6 lg:px-8 w-240 lg:w-full mb-15 antialiased">
         <h1 class="inline-block md:block mr-2 md:mb-2 font-light text-60 md:text-3xl text-black-dark leading-tight">
           <span data-translate="error">Error</span>
           <span>1015</span>
         </h1>
         <span class="inline-block md:block heading-ray-id font-mono text-15 lg:text-sm lg:leading-relaxed">Ray ID: 6b417bb90aa62ada &bull;</span>
         <span class="inline-block md:block heading-ray-id font-mono text-15 lg:text-sm lg:leading-relaxed">2021-11-26 07:43:00 UTC</span>
        <h2 class="text-gray-600 leading-1.3 text-3xl lg:text-2xl font-light">You are being rate limited</h2>
      </header>

      <section class="w-240 lg:w-full mx-auto mb-8 lg:px-8">
          <div id="what-happened-section" class="w-1/2 md:w-full">
            <h2 class="text-3xl leading-tight font-normal mb-4 text-black-dark antialiased" data-translate="what_happened">What happened?</h2>
            <p>The owner of this website (discord.com) has banned you temporarily from accessing this website.</p>
            
          </div>

          
      </section>

      <div class="cf-error-footer cf-wrapper w-240 lg:w-full py-10 sm:py-4 sm:px-8 mx-auto text-center sm:text-left border-solid border-0 border-t border-gray-300">
  <p class="text-13">
    <span class="cf-footer-item sm:block sm:mb-1">Cloudflare Ray ID: <strong class="font-semibold">6b417bb90aa62ada</strong></span>
    <span class="cf-footer-separator sm:hidden">&bull;</span>
    <span class="cf-footer-item sm:block sm:mb-1"><span>Your IP</span>: 34.70.132.179</span>
    <span class="cf-footer-separator sm:hidden">&bull;</span>
    <span class="cf-footer-item sm:block sm:mb-1"><span>Performance &amp; security by</span> <a rel="noopener noreferrer" href="https://www.cloudflare.com/5xx-error-landing" id="brand_link" target="_blank">Cloudflare</a></span>
    
  </p>
</div><!-- /.error-footer -->


    </div><!-- /#cf-error-details -->
  </div><!-- /#cf-wrapper -->

  <script type="text/javascript">
  window._cf_translation = {};
  
  
</script>

</body>
</html>
 - 2021-11-26 07:43:00.027871 

INFO:werkzeug:172.18.0.1 - - [26/Nov/2021 07:43:10] "GET / HTTP/1.1" 200 -
WARNING:werkzeug: * Running on all addresses.
   WARNING: This is a development server. Do not use it in a production deployment.
INFO:werkzeug: * Running on http://172.18.0.35:8080/ (Press CTRL+C to quit)
INFO:werkzeug:172.18.0.1 - - [26/Nov/2021 09:52:31] "GET / HTTP/1.1" 200 -
INFO:werkzeug:172.18.0.1 - - [26/Nov/2021 09:53:53] "GET / HTTP/1.1" 200 -
WARNING:werkzeug: * Running on all addresses.
   WARNING: This is a development server. Do not use it in a production deployment.
INFO:werkzeug: * Running on http://172.18.0.35:8080/ (Press CTRL+C to quit)
INFO:werkzeug:172.18.0.1 - - [26/Nov/2021 09:57:31] "GET / HTTP/1.1" 200 -
INFO:werkzeug:172.18.0.1 - - [26/Nov/2021 09:58:53] "HEAD / HTTP/1.1" 200 -
WARNING:werkzeug: * Running on all addresses.
   WARNING: This is a development server. Do not use it in a production deployment.
INFO:werkzeug: * Running on http://172.18.0.35:8080/ (Press CTRL+C to quit)
INFO:werkzeug:172.18.0.1 - - [26/Nov/2021 09:59:34] "GET / HTTP/1.1" 200 -
WARNING:werkzeug: * Running on all addresses.
   WARNING: This is a development server. Do not use it in a production deployment.
INFO:werkzeug: * Running on http://172.18.0.35:8080/ (Press CTRL+C to quit)
INFO:werkzeug:172.18.0.1 - - [26/Nov/2021 10:00:32] "GET / HTTP/1.1" 200 -
ERROR:root:
 Command raised an exception: HTTPException: 429 Too Many Requests (error code: 0): <!DOCTYPE html>
<!--[if lt IE 7]> <html class="no-js ie6 oldie" lang="en-US"> <![endif]-->
<!--[if IE 7]>    <html class="no-js ie7 oldie" lang="en-US"> <![endif]-->
<!--[if IE 8]>    <html class="no-js ie8 oldie" lang="en-US"> <![endif]-->
<!--[if gt IE 8]><!--> <html class="no-js" lang="en-US"> <!--<![endif]-->
<head>
<title>Access denied | discord.com used Cloudflare to restrict access</title>
<meta charset="UTF-8" />
<meta http-equiv="Content-Type" content="text/html; charset=UTF-8" />
<meta http-equiv="X-UA-Compatible" content="IE=Edge,chrome=1" />
<meta name="robots" content="noindex, nofollow" />
<meta name="viewport" content="width=device-width,initial-scale=1" />
<link rel="stylesheet" id="cf_styles-css" href="/cdn-cgi/styles/main.css" type="text/css" media="screen,projection" />


<script defer src="https://api.radar.cloudflare.com/beacon.js"></script>
</head>
<body>
  <div id="cf-wrapper">
    <div class="cf-alert cf-alert-error cf-cookie-error hidden" id="cookie-alert" data-translate="enable_cookies">Please enable cookies.</div>
    <div id="cf-error-details" class="p-0">
      <header class="mx-auto pt-10 lg:pt-6 lg:px-8 w-240 lg:w-full mb-15 antialiased">
         <h1 class="inline-block md:block mr-2 md:mb-2 font-light text-60 md:text-3xl text-black-dark leading-tight">
           <span data-translate="error">Error</span>
           <span>1015</span>
         </h1>
         <span class="inline-block md:block heading-ray-id font-mono text-15 lg:text-sm lg:leading-relaxed">Ray ID: 6b42471459f12bf4 &bull;</span>
         <span class="inline-block md:block heading-ray-id font-mono text-15 lg:text-sm lg:leading-relaxed">2021-11-26 10:01:49 UTC</span>
        <h2 class="text-gray-600 leading-1.3 text-3xl lg:text-2xl font-light">You are being rate limited</h2>
      </header>

      <section class="w-240 lg:w-full mx-auto mb-8 lg:px-8">
          <div id="what-happened-section" class="w-1/2 md:w-full">
            <h2 class="text-3xl leading-tight font-normal mb-4 text-black-dark antialiased" data-translate="what_happened">What happened?</h2>
            <p>The owner of this website (discord.com) has banned you temporarily from accessing this website.</p>
            
          </div>

          
      </section>

      <div class="cf-error-footer cf-wrapper w-240 lg:w-full py-10 sm:py-4 sm:px-8 mx-auto text-center sm:text-left border-solid border-0 border-t border-gray-300">
  <p class="text-13">
    <span class="cf-footer-item sm:block sm:mb-1">Cloudflare Ray ID: <strong class="font-semibold">6b42471459f12bf4</strong></span>
    <span class="cf-footer-separator sm:hidden">&bull;</span>
    <span class="cf-footer-item sm:block sm:mb-1"><span>Your IP</span>: 34.70.132.179</span>
    <span class="cf-footer-separator sm:hidden">&bull;</span>
    <span class="cf-footer-item sm:block sm:mb-1"><span>Performance &amp; security by</span> <a rel="noopener noreferrer" href="https://www.cloudflare.com/5xx-error-landing" id="brand_link" target="_blank">Cloudflare</a></span>
    
  </p>
</div><!-- /.error-footer -->


    </div><!-- /#cf-error-details -->
  </div><!-- /#cf-wrapper -->

  <script type="text/javascript">
  window._cf_translation = {};
  
  
</script>

</body>
</html>
 - 2021-11-26 10:01:49.507172 

ERROR:root:
 Command raised an exception: HTTPException: 429 Too Many Requests (error code: 0): <!DOCTYPE html>
<!--[if lt IE 7]> <html class="no-js ie6 oldie" lang="en-US"> <![endif]-->
<!--[if IE 7]>    <html class="no-js ie7 oldie" lang="en-US"> <![endif]-->
<!--[if IE 8]>    <html class="no-js ie8 oldie" lang="en-US"> <![endif]-->
<!--[if gt IE 8]><!--> <html class="no-js" lang="en-US"> <!--<![endif]-->
<head>
<title>Access denied | discord.com used Cloudflare to restrict access</title>
<meta charset="UTF-8" />
<meta http-equiv="Content-Type" content="text/html; charset=UTF-8" />
<meta http-equiv="X-UA-Compatible" content="IE=Edge,chrome=1" />
<meta name="robots" content="noindex, nofollow" />
<meta name="viewport" content="width=device-width,initial-scale=1" />
<link rel="stylesheet" id="cf_styles-css" href="/cdn-cgi/styles/main.css" type="text/css" media="screen,projection" />


<script defer src="https://api.radar.cloudflare.com/beacon.js"></script>
</head>
<body>
  <div id="cf-wrapper">
    <div class="cf-alert cf-alert-error cf-cookie-error hidden" id="cookie-alert" data-translate="enable_cookies">Please enable cookies.</div>
    <div id="cf-error-details" class="p-0">
      <header class="mx-auto pt-10 lg:pt-6 lg:px-8 w-240 lg:w-full mb-15 antialiased">
         <h1 class="inline-block md:block mr-2 md:mb-2 font-light text-60 md:text-3xl text-black-dark leading-tight">
           <span data-translate="error">Error</span>
           <span>1015</span>
         </h1>
         <span class="inline-block md:block heading-ray-id font-mono text-15 lg:text-sm lg:leading-relaxed">Ray ID: 6b4247f17deb2abe &bull;</span>
         <span class="inline-block md:block heading-ray-id font-mono text-15 lg:text-sm lg:leading-relaxed">2021-11-26 10:02:24 UTC</span>
        <h2 class="text-gray-600 leading-1.3 text-3xl lg:text-2xl font-light">You are being rate limited</h2>
      </header>

      <section class="w-240 lg:w-full mx-auto mb-8 lg:px-8">
          <div id="what-happened-section" class="w-1/2 md:w-full">
            <h2 class="text-3xl leading-tight font-normal mb-4 text-black-dark antialiased" data-translate="what_happened">What happened?</h2>
            <p>The owner of this website (discord.com) has banned you temporarily from accessing this website.</p>
            
          </div>

          
      </section>

      <div class="cf-error-footer cf-wrapper w-240 lg:w-full py-10 sm:py-4 sm:px-8 mx-auto text-center sm:text-left border-solid border-0 border-t border-gray-300">
  <p class="text-13">
    <span class="cf-footer-item sm:block sm:mb-1">Cloudflare Ray ID: <strong class="font-semibold">6b4247f17deb2abe</strong></span>
    <span class="cf-footer-separator sm:hidden">&bull;</span>
    <span class="cf-footer-item sm:block sm:mb-1"><span>Your IP</span>: 34.70.132.179</span>
    <span class="cf-footer-separator sm:hidden">&bull;</span>
    <span class="cf-footer-item sm:block sm:mb-1"><span>Performance &amp; security by</span> <a rel="noopener noreferrer" href="https://www.cloudflare.com/5xx-error-landing" id="brand_link" target="_blank">Cloudflare</a></span>
    
  </p>
</div><!-- /.error-footer -->


    </div><!-- /#cf-error-details -->
  </div><!-- /#cf-wrapper -->

  <script type="text/javascript">
  window._cf_translation = {};
  
  
</script>

</body>
</html>
 - 2021-11-26 10:02:24.888579 

INFO:werkzeug:172.18.0.1 - - [26/Nov/2021 10:03:53] "HEAD / HTTP/1.1" 200 -
ERROR:root:
 Command raised an exception: HTTPException: 429 Too Many Requests (error code: 0): <!DOCTYPE html>
<!--[if lt IE 7]> <html class="no-js ie6 oldie" lang="en-US"> <![endif]-->
<!--[if IE 7]>    <html class="no-js ie7 oldie" lang="en-US"> <![endif]-->
<!--[if IE 8]>    <html class="no-js ie8 oldie" lang="en-US"> <![endif]-->
<!--[if gt IE 8]><!--> <html class="no-js" lang="en-US"> <!--<![endif]-->
<head>
<title>Access denied | discord.com used Cloudflare to restrict access</title>
<meta charset="UTF-8" />
<meta http-equiv="Content-Type" content="text/html; charset=UTF-8" />
<meta http-equiv="X-UA-Compatible" content="IE=Edge,chrome=1" />
<meta name="robots" content="noindex, nofollow" />
<meta name="viewport" content="width=device-width,initial-scale=1" />
<link rel="stylesheet" id="cf_styles-css" href="/cdn-cgi/styles/main.css" type="text/css" media="screen,projection" />


<script defer src="https://api.radar.cloudflare.com/beacon.js"></script>
</head>
<body>
  <div id="cf-wrapper">
    <div class="cf-alert cf-alert-error cf-cookie-error hidden" id="cookie-alert" data-translate="enable_cookies">Please enable cookies.</div>
    <div id="cf-error-details" class="p-0">
      <header class="mx-auto pt-10 lg:pt-6 lg:px-8 w-240 lg:w-full mb-15 antialiased">
         <h1 class="inline-block md:block mr-2 md:mb-2 font-light text-60 md:text-3xl text-black-dark leading-tight">
           <span data-translate="error">Error</span>
           <span>1015</span>
         </h1>
         <span class="inline-block md:block heading-ray-id font-mono text-15 lg:text-sm lg:leading-relaxed">Ray ID: 6b424c044e302c78 &bull;</span>
         <span class="inline-block md:block heading-ray-id font-mono text-15 lg:text-sm lg:leading-relaxed">2021-11-26 10:05:11 UTC</span>
        <h2 class="text-gray-600 leading-1.3 text-3xl lg:text-2xl font-light">You are being rate limited</h2>
      </header>

      <section class="w-240 lg:w-full mx-auto mb-8 lg:px-8">
          <div id="what-happened-section" class="w-1/2 md:w-full">
            <h2 class="text-3xl leading-tight font-normal mb-4 text-black-dark antialiased" data-translate="what_happened">What happened?</h2>
            <p>The owner of this website (discord.com) has banned you temporarily from accessing this website.</p>
            
          </div>

          
      </section>

      <div class="cf-error-footer cf-wrapper w-240 lg:w-full py-10 sm:py-4 sm:px-8 mx-auto text-center sm:text-left border-solid border-0 border-t border-gray-300">
  <p class="text-13">
    <span class="cf-footer-item sm:block sm:mb-1">Cloudflare Ray ID: <strong class="font-semibold">6b424c044e302c78</strong></span>
    <span class="cf-footer-separator sm:hidden">&bull;</span>
    <span class="cf-footer-item sm:block sm:mb-1"><span>Your IP</span>: 34.70.132.179</span>
    <span class="cf-footer-separator sm:hidden">&bull;</span>
    <span class="cf-footer-item sm:block sm:mb-1"><span>Performance &amp; security by</span> <a rel="noopener noreferrer" href="https://www.cloudflare.com/5xx-error-landing" id="brand_link" target="_blank">Cloudflare</a></span>
    
  </p>
</div><!-- /.error-footer -->


    </div><!-- /#cf-error-details -->
  </div><!-- /#cf-wrapper -->

  <script type="text/javascript">
  window._cf_translation = {};
  
  
</script>

</body>
</html>
 - 2021-11-26 10:05:11.741596 

ERROR:root:
 Command raised an exception: HTTPException: 429 Too Many Requests (error code: 0): <!DOCTYPE html>
<!--[if lt IE 7]> <html class="no-js ie6 oldie" lang="en-US"> <![endif]-->
<!--[if IE 7]>    <html class="no-js ie7 oldie" lang="en-US"> <![endif]-->
<!--[if IE 8]>    <html class="no-js ie8 oldie" lang="en-US"> <![endif]-->
<!--[if gt IE 8]><!--> <html class="no-js" lang="en-US"> <!--<![endif]-->
<head>
<title>Access denied | discord.com used Cloudflare to restrict access</title>
<meta charset="UTF-8" />
<meta http-equiv="Content-Type" content="text/html; charset=UTF-8" />
<meta http-equiv="X-UA-Compatible" content="IE=Edge,chrome=1" />
<meta name="robots" content="noindex, nofollow" />
<meta name="viewport" content="width=device-width,initial-scale=1" />
<link rel="stylesheet" id="cf_styles-css" href="/cdn-cgi/styles/main.css" type="text/css" media="screen,projection" />


<script defer src="https://api.radar.cloudflare.com/beacon.js"></script>
</head>
<body>
  <div id="cf-wrapper">
    <div class="cf-alert cf-alert-error cf-cookie-error hidden" id="cookie-alert" data-translate="enable_cookies">Please enable cookies.</div>
    <div id="cf-error-details" class="p-0">
      <header class="mx-auto pt-10 lg:pt-6 lg:px-8 w-240 lg:w-full mb-15 antialiased">
         <h1 class="inline-block md:block mr-2 md:mb-2 font-light text-60 md:text-3xl text-black-dark leading-tight">
           <span data-translate="error">Error</span>
           <span>1015</span>
         </h1>
         <span class="inline-block md:block heading-ray-id font-mono text-15 lg:text-sm lg:leading-relaxed">Ray ID: 6b424f19d91d628d &bull;</span>
         <span class="inline-block md:block heading-ray-id font-mono text-15 lg:text-sm lg:leading-relaxed">2021-11-26 10:07:18 UTC</span>
        <h2 class="text-gray-600 leading-1.3 text-3xl lg:text-2xl font-light">You are being rate limited</h2>
      </header>

      <section class="w-240 lg:w-full mx-auto mb-8 lg:px-8">
          <div id="what-happened-section" class="w-1/2 md:w-full">
            <h2 class="text-3xl leading-tight font-normal mb-4 text-black-dark antialiased" data-translate="what_happened">What happened?</h2>
            <p>The owner of this website (discord.com) has banned you temporarily from accessing this website.</p>
            
          </div>

          
      </section>

      <div class="cf-error-footer cf-wrapper w-240 lg:w-full py-10 sm:py-4 sm:px-8 mx-auto text-center sm:text-left border-solid border-0 border-t border-gray-300">
  <p class="text-13">
    <span class="cf-footer-item sm:block sm:mb-1">Cloudflare Ray ID: <strong class="font-semibold">6b424f19d91d628d</strong></span>
    <span class="cf-footer-separator sm:hidden">&bull;</span>
    <span class="cf-footer-item sm:block sm:mb-1"><span>Your IP</span>: 34.70.132.179</span>
    <span class="cf-footer-separator sm:hidden">&bull;</span>
    <span class="cf-footer-item sm:block sm:mb-1"><span>Performance &amp; security by</span> <a rel="noopener noreferrer" href="https://www.cloudflare.com/5xx-error-landing" id="brand_link" target="_blank">Cloudflare</a></span>
    
  </p>
</div><!-- /.error-footer -->


    </div><!-- /#cf-error-details -->
  </div><!-- /#cf-wrapper -->

  <script type="text/javascript">
  window._cf_translation = {};
  
  
</script>

</body>
</html>
 - 2021-11-26 10:07:18.067749 

INFO:werkzeug:172.18.0.1 - - [26/Nov/2021 10:07:53] "GET / HTTP/1.1" 200 -
ERROR:root:
 Command raised an exception: HTTPException: 429 Too Many Requests (error code: 0): <!DOCTYPE html>
<!--[if lt IE 7]> <html class="no-js ie6 oldie" lang="en-US"> <![endif]-->
<!--[if IE 7]>    <html class="no-js ie7 oldie" lang="en-US"> <![endif]-->
<!--[if IE 8]>    <html class="no-js ie8 oldie" lang="en-US"> <![endif]-->
<!--[if gt IE 8]><!--> <html class="no-js" lang="en-US"> <!--<![endif]-->
<head>
<title>Access denied | discord.com used Cloudflare to restrict access</title>
<meta charset="UTF-8" />
<meta http-equiv="Content-Type" content="text/html; charset=UTF-8" />
<meta http-equiv="X-UA-Compatible" content="IE=Edge,chrome=1" />
<meta name="robots" content="noindex, nofollow" />
<meta name="viewport" content="width=device-width,initial-scale=1" />
<link rel="stylesheet" id="cf_styles-css" href="/cdn-cgi/styles/main.css" type="text/css" media="screen,projection" />


<script defer src="https://api.radar.cloudflare.com/beacon.js"></script>
</head>
<body>
  <div id="cf-wrapper">
    <div class="cf-alert cf-alert-error cf-cookie-error hidden" id="cookie-alert" data-translate="enable_cookies">Please enable cookies.</div>
    <div id="cf-error-details" class="p-0">
      <header class="mx-auto pt-10 lg:pt-6 lg:px-8 w-240 lg:w-full mb-15 antialiased">
         <h1 class="inline-block md:block mr-2 md:mb-2 font-light text-60 md:text-3xl text-black-dark leading-tight">
           <span data-translate="error">Error</span>
           <span>1015</span>
         </h1>
         <span class="inline-block md:block heading-ray-id font-mono text-15 lg:text-sm lg:leading-relaxed">Ray ID: 6b4250575e6f2d76 &bull;</span>
         <span class="inline-block md:block heading-ray-id font-mono text-15 lg:text-sm lg:leading-relaxed">2021-11-26 10:08:08 UTC</span>
        <h2 class="text-gray-600 leading-1.3 text-3xl lg:text-2xl font-light">You are being rate limited</h2>
      </header>

      <section class="w-240 lg:w-full mx-auto mb-8 lg:px-8">
          <div id="what-happened-section" class="w-1/2 md:w-full">
            <h2 class="text-3xl leading-tight font-normal mb-4 text-black-dark antialiased" data-translate="what_happened">What happened?</h2>
            <p>The owner of this website (discord.com) has banned you temporarily from accessing this website.</p>
            
          </div>

          
      </section>

      <div class="cf-error-footer cf-wrapper w-240 lg:w-full py-10 sm:py-4 sm:px-8 mx-auto text-center sm:text-left border-solid border-0 border-t border-gray-300">
  <p class="text-13">
    <span class="cf-footer-item sm:block sm:mb-1">Cloudflare Ray ID: <strong class="font-semibold">6b4250575e6f2d76</strong></span>
    <span class="cf-footer-separator sm:hidden">&bull;</span>
    <span class="cf-footer-item sm:block sm:mb-1"><span>Your IP</span>: 34.70.132.179</span>
    <span class="cf-footer-separator sm:hidden">&bull;</span>
    <span class="cf-footer-item sm:block sm:mb-1"><span>Performance &amp; security by</span> <a rel="noopener noreferrer" href="https://www.cloudflare.com/5xx-error-landing" id="brand_link" target="_blank">Cloudflare</a></span>
    
  </p>
</div><!-- /.error-footer -->


    </div><!-- /#cf-error-details -->
  </div><!-- /#cf-wrapper -->

  <script type="text/javascript">
  window._cf_translation = {};
  
  
</script>

</body>
</html>
 - 2021-11-26 10:08:08.870174 

ERROR:root:
 Command raised an exception: HTTPException: 429 Too Many Requests (error code: 0): <!DOCTYPE html>
<!--[if lt IE 7]> <html class="no-js ie6 oldie" lang="en-US"> <![endif]-->
<!--[if IE 7]>    <html class="no-js ie7 oldie" lang="en-US"> <![endif]-->
<!--[if IE 8]>    <html class="no-js ie8 oldie" lang="en-US"> <![endif]-->
<!--[if gt IE 8]><!--> <html class="no-js" lang="en-US"> <!--<![endif]-->
<head>
<title>Access denied | discord.com used Cloudflare to restrict access</title>
<meta charset="UTF-8" />
<meta http-equiv="Content-Type" content="text/html; charset=UTF-8" />
<meta http-equiv="X-UA-Compatible" content="IE=Edge,chrome=1" />
<meta name="robots" content="noindex, nofollow" />
<meta name="viewport" content="width=device-width,initial-scale=1" />
<link rel="stylesheet" id="cf_styles-css" href="/cdn-cgi/styles/main.css" type="text/css" media="screen,projection" />


<script defer src="https://api.radar.cloudflare.com/beacon.js"></script>
</head>
<body>
  <div id="cf-wrapper">
    <div class="cf-alert cf-alert-error cf-cookie-error hidden" id="cookie-alert" data-translate="enable_cookies">Please enable cookies.</div>
    <div id="cf-error-details" class="p-0">
      <header class="mx-auto pt-10 lg:pt-6 lg:px-8 w-240 lg:w-full mb-15 antialiased">
         <h1 class="inline-block md:block mr-2 md:mb-2 font-light text-60 md:text-3xl text-black-dark leading-tight">
           <span data-translate="error">Error</span>
           <span>1015</span>
         </h1>
         <span class="inline-block md:block heading-ray-id font-mono text-15 lg:text-sm lg:leading-relaxed">Ray ID: 6b4250efbd5b61d4 &bull;</span>
         <span class="inline-block md:block heading-ray-id font-mono text-15 lg:text-sm lg:leading-relaxed">2021-11-26 10:08:33 UTC</span>
        <h2 class="text-gray-600 leading-1.3 text-3xl lg:text-2xl font-light">You are being rate limited</h2>
      </header>

      <section class="w-240 lg:w-full mx-auto mb-8 lg:px-8">
          <div id="what-happened-section" class="w-1/2 md:w-full">
            <h2 class="text-3xl leading-tight font-normal mb-4 text-black-dark antialiased" data-translate="what_happened">What happened?</h2>
            <p>The owner of this website (discord.com) has banned you temporarily from accessing this website.</p>
            
          </div>

          
      </section>

      <div class="cf-error-footer cf-wrapper w-240 lg:w-full py-10 sm:py-4 sm:px-8 mx-auto text-center sm:text-left border-solid border-0 border-t border-gray-300">
  <p class="text-13">
    <span class="cf-footer-item sm:block sm:mb-1">Cloudflare Ray ID: <strong class="font-semibold">6b4250efbd5b61d4</strong></span>
    <span class="cf-footer-separator sm:hidden">&bull;</span>
    <span class="cf-footer-item sm:block sm:mb-1"><span>Your IP</span>: 34.70.132.179</span>
    <span class="cf-footer-separator sm:hidden">&bull;</span>
    <span class="cf-footer-item sm:block sm:mb-1"><span>Performance &amp; security by</span> <a rel="noopener noreferrer" href="https://www.cloudflare.com/5xx-error-landing" id="brand_link" target="_blank">Cloudflare</a></span>
    
  </p>
</div><!-- /.error-footer -->


    </div><!-- /#cf-error-details -->
  </div><!-- /#cf-wrapper -->

  <script type="text/javascript">
  window._cf_translation = {};
  
  
</script>

</body>
</html>
 - 2021-11-26 10:08:33.245340 

INFO:werkzeug:172.18.0.1 - - [26/Nov/2021 10:08:53] "HEAD / HTTP/1.1" 200 -
WARNING:werkzeug: * Running on all addresses.
   WARNING: This is a development server. Do not use it in a production deployment.
INFO:werkzeug: * Running on http://172.18.0.35:8080/ (Press CTRL+C to quit)
INFO:werkzeug:172.18.0.1 - - [26/Nov/2021 10:17:30] "GET / HTTP/1.1" 200 -
INFO:werkzeug:172.18.0.1 - - [26/Nov/2021 10:18:53] "HEAD / HTTP/1.1" 200 -
WARNING:werkzeug: * Running on all addresses.
   WARNING: This is a development server. Do not use it in a production deployment.
INFO:werkzeug: * Running on http://172.18.0.35:8080/ (Press CTRL+C to quit)
INFO:werkzeug:172.18.0.1 - - [26/Nov/2021 10:22:31] "GET / HTTP/1.1" 200 -
INFO:werkzeug:172.18.0.1 - - [26/Nov/2021 10:23:53] "HEAD / HTTP/1.1" 200 -
ERROR:root:
 Command raised an exception: HTTPException: 429 Too Many Requests (error code: 0): <!DOCTYPE html>
<!--[if lt IE 7]> <html class="no-js ie6 oldie" lang="en-US"> <![endif]-->
<!--[if IE 7]>    <html class="no-js ie7 oldie" lang="en-US"> <![endif]-->
<!--[if IE 8]>    <html class="no-js ie8 oldie" lang="en-US"> <![endif]-->
<!--[if gt IE 8]><!--> <html class="no-js" lang="en-US"> <!--<![endif]-->
<head>
<title>Access denied | discord.com used Cloudflare to restrict access</title>
<meta charset="UTF-8" />
<meta http-equiv="Content-Type" content="text/html; charset=UTF-8" />
<meta http-equiv="X-UA-Compatible" content="IE=Edge,chrome=1" />
<meta name="robots" content="noindex, nofollow" />
<meta name="viewport" content="width=device-width,initial-scale=1" />
<link rel="stylesheet" id="cf_styles-css" href="/cdn-cgi/styles/main.css" type="text/css" media="screen,projection" />


<script defer src="https://api.radar.cloudflare.com/beacon.js"></script>
</head>
<body>
  <div id="cf-wrapper">
    <div class="cf-alert cf-alert-error cf-cookie-error hidden" id="cookie-alert" data-translate="enable_cookies">Please enable cookies.</div>
    <div id="cf-error-details" class="p-0">
      <header class="mx-auto pt-10 lg:pt-6 lg:px-8 w-240 lg:w-full mb-15 antialiased">
         <h1 class="inline-block md:block mr-2 md:mb-2 font-light text-60 md:text-3xl text-black-dark leading-tight">
           <span data-translate="error">Error</span>
           <span>1015</span>
         </h1>
         <span class="inline-block md:block heading-ray-id font-mono text-15 lg:text-sm lg:leading-relaxed">Ray ID: 6b426a8f5c9d2c38 &bull;</span>
         <span class="inline-block md:block heading-ray-id font-mono text-15 lg:text-sm lg:leading-relaxed">2021-11-26 10:26:02 UTC</span>
        <h2 class="text-gray-600 leading-1.3 text-3xl lg:text-2xl font-light">You are being rate limited</h2>
      </header>

      <section class="w-240 lg:w-full mx-auto mb-8 lg:px-8">
          <div id="what-happened-section" class="w-1/2 md:w-full">
            <h2 class="text-3xl leading-tight font-normal mb-4 text-black-dark antialiased" data-translate="what_happened">What happened?</h2>
            <p>The owner of this website (discord.com) has banned you temporarily from accessing this website.</p>
            
          </div>

          
      </section>

      <div class="cf-error-footer cf-wrapper w-240 lg:w-full py-10 sm:py-4 sm:px-8 mx-auto text-center sm:text-left border-solid border-0 border-t border-gray-300">
  <p class="text-13">
    <span class="cf-footer-item sm:block sm:mb-1">Cloudflare Ray ID: <strong class="font-semibold">6b426a8f5c9d2c38</strong></span>
    <span class="cf-footer-separator sm:hidden">&bull;</span>
    <span class="cf-footer-item sm:block sm:mb-1"><span>Your IP</span>: 34.70.132.179</span>
    <span class="cf-footer-separator sm:hidden">&bull;</span>
    <span class="cf-footer-item sm:block sm:mb-1"><span>Performance &amp; security by</span> <a rel="noopener noreferrer" href="https://www.cloudflare.com/5xx-error-landing" id="brand_link" target="_blank">Cloudflare</a></span>
    
  </p>
</div><!-- /.error-footer -->


    </div><!-- /#cf-error-details -->
  </div><!-- /#cf-wrapper -->

  <script type="text/javascript">
  window._cf_translation = {};
  
  
</script>

</body>
</html>
 - 2021-11-26 10:26:02.789981 

WARNING:werkzeug: * Running on all addresses.
   WARNING: This is a development server. Do not use it in a production deployment.
INFO:werkzeug: * Running on http://172.18.0.8:8080/ (Press CTRL+C to quit)
INFO:werkzeug:172.18.0.1 - - [26/Nov/2021 14:44:54] "GET / HTTP/1.1" 200 -
WARNING:werkzeug: * Running on all addresses.
   WARNING: This is a development server. Do not use it in a production deployment.
INFO:werkzeug: * Running on http://172.18.0.20:8080/ (Press CTRL+C to quit)
INFO:werkzeug:172.18.0.1 - - [27/Nov/2021 02:49:23] "GET / HTTP/1.1" 200 -
INFO:werkzeug:172.18.0.1 - - [27/Nov/2021 02:51:00] "HEAD / HTTP/1.1" 200 -
INFO:werkzeug:172.18.0.1 - - [27/Nov/2021 02:55:59] "HEAD / HTTP/1.1" 200 -
WARNING:werkzeug: * Running on all addresses.
   WARNING: This is a development server. Do not use it in a production deployment.
INFO:werkzeug: * Running on http://172.18.0.138:8080/ (Press CTRL+C to quit)
INFO:werkzeug:172.18.0.1 - - [29/Nov/2021 06:01:56] "GET / HTTP/1.1" 200 -
INFO:werkzeug:172.18.0.1 - - [29/Nov/2021 06:06:19] "HEAD / HTTP/1.1" 200 -
INFO:werkzeug:172.18.0.1 - - [29/Nov/2021 06:11:19] "HEAD / HTTP/1.1" 200 -
INFO:werkzeug:172.18.0.1 - - [29/Nov/2021 06:16:19] "HEAD / HTTP/1.1" 200 -
INFO:werkzeug:172.18.0.1 - - [29/Nov/2021 06:21:19] "HEAD / HTTP/1.1" 200 -
INFO:werkzeug:172.18.0.1 - - [29/Nov/2021 06:26:19] "HEAD / HTTP/1.1" 200 -
INFO:werkzeug:172.18.0.1 - - [29/Nov/2021 06:31:19] "HEAD / HTTP/1.1" 200 -
INFO:werkzeug:172.18.0.1 - - [29/Nov/2021 06:36:19] "HEAD / HTTP/1.1" 200 -
INFO:werkzeug:172.18.0.1 - - [29/Nov/2021 06:41:19] "HEAD / HTTP/1.1" 200 -
INFO:werkzeug:172.18.0.1 - - [29/Nov/2021 06:46:19] "HEAD / HTTP/1.1" 200 -
INFO:werkzeug:172.18.0.1 - - [29/Nov/2021 06:51:19] "HEAD / HTTP/1.1" 200 -
INFO:werkzeug:172.18.0.1 - - [29/Nov/2021 06:56:21] "HEAD / HTTP/1.1" 200 -
INFO:werkzeug:172.18.0.1 - - [29/Nov/2021 07:01:19] "HEAD / HTTP/1.1" 200 -
INFO:werkzeug:172.18.0.1 - - [29/Nov/2021 07:06:19] "HEAD / HTTP/1.1" 200 -
INFO:werkzeug:172.18.0.1 - - [29/Nov/2021 07:11:19] "HEAD / HTTP/1.1" 200 -
INFO:werkzeug:172.18.0.1 - - [29/Nov/2021 07:16:19] "HEAD / HTTP/1.1" 200 -
INFO:werkzeug:172.18.0.1 - - [29/Nov/2021 07:21:19] "HEAD / HTTP/1.1" 200 -
INFO:werkzeug:172.18.0.1 - - [29/Nov/2021 07:26:19] "HEAD / HTTP/1.1" 200 -
INFO:werkzeug:172.18.0.1 - - [29/Nov/2021 07:31:19] "HEAD / HTTP/1.1" 200 -
INFO:werkzeug:172.18.0.1 - - [29/Nov/2021 07:36:19] "HEAD / HTTP/1.1" 200 -
INFO:werkzeug:172.18.0.1 - - [29/Nov/2021 07:41:19] "HEAD / HTTP/1.1" 200 -
INFO:werkzeug:172.18.0.1 - - [29/Nov/2021 07:46:19] "HEAD / HTTP/1.1" 200 -
INFO:werkzeug:172.18.0.1 - - [29/Nov/2021 07:51:19] "HEAD / HTTP/1.1" 200 -
INFO:werkzeug:172.18.0.1 - - [29/Nov/2021 07:56:19] "HEAD / HTTP/1.1" 200 -
INFO:werkzeug:172.18.0.1 - - [29/Nov/2021 08:01:20] "HEAD / HTTP/1.1" 200 -
INFO:werkzeug:172.18.0.1 - - [29/Nov/2021 08:06:19] "HEAD / HTTP/1.1" 200 -
INFO:werkzeug:172.18.0.1 - - [29/Nov/2021 08:11:19] "HEAD / HTTP/1.1" 200 -
INFO:werkzeug:172.18.0.1 - - [29/Nov/2021 08:16:19] "HEAD / HTTP/1.1" 200 -
INFO:werkzeug:172.18.0.1 - - [29/Nov/2021 08:21:19] "HEAD / HTTP/1.1" 200 -
INFO:werkzeug:172.18.0.1 - - [29/Nov/2021 08:26:19] "HEAD / HTTP/1.1" 200 -
INFO:werkzeug:172.18.0.1 - - [29/Nov/2021 08:31:19] "HEAD / HTTP/1.1" 200 -
INFO:werkzeug:172.18.0.1 - - [29/Nov/2021 08:36:19] "HEAD / HTTP/1.1" 200 -
INFO:werkzeug:172.18.0.1 - - [29/Nov/2021 08:41:19] "HEAD / HTTP/1.1" 200 -
INFO:werkzeug:172.18.0.1 - - [29/Nov/2021 08:46:19] "HEAD / HTTP/1.1" 200 -
INFO:werkzeug:172.18.0.1 - - [29/Nov/2021 08:51:19] "HEAD / HTTP/1.1" 200 -
INFO:werkzeug:172.18.0.1 - - [29/Nov/2021 08:56:19] "HEAD / HTTP/1.1" 200 -
INFO:werkzeug:172.18.0.1 - - [29/Nov/2021 09:01:19] "HEAD / HTTP/1.1" 200 -
INFO:werkzeug:172.18.0.1 - - [29/Nov/2021 09:06:19] "HEAD / HTTP/1.1" 200 -
INFO:werkzeug:172.18.0.1 - - [29/Nov/2021 09:11:19] "HEAD / HTTP/1.1" 200 -
INFO:werkzeug:172.18.0.1 - - [29/Nov/2021 09:16:19] "HEAD / HTTP/1.1" 200 -
INFO:werkzeug:172.18.0.1 - - [29/Nov/2021 09:21:19] "HEAD / HTTP/1.1" 200 -
INFO:werkzeug:172.18.0.1 - - [29/Nov/2021 09:26:19] "HEAD / HTTP/1.1" 200 -
INFO:werkzeug:172.18.0.1 - - [29/Nov/2021 09:31:19] "HEAD / HTTP/1.1" 200 -
INFO:werkzeug:172.18.0.1 - - [29/Nov/2021 09:36:19] "HEAD / HTTP/1.1" 200 -
INFO:werkzeug:172.18.0.1 - - [29/Nov/2021 09:41:19] "HEAD / HTTP/1.1" 200 -
INFO:werkzeug:172.18.0.1 - - [29/Nov/2021 09:46:19] "HEAD / HTTP/1.1" 200 -
INFO:werkzeug:172.18.0.1 - - [29/Nov/2021 09:51:19] "HEAD / HTTP/1.1" 200 -
INFO:werkzeug:172.18.0.1 - - [29/Nov/2021 09:56:19] "HEAD / HTTP/1.1" 200 -
INFO:werkzeug:172.18.0.1 - - [29/Nov/2021 10:01:19] "HEAD / HTTP/1.1" 200 -
INFO:werkzeug:172.18.0.1 - - [29/Nov/2021 10:06:19] "HEAD / HTTP/1.1" 200 -
INFO:werkzeug:172.18.0.1 - - [29/Nov/2021 10:11:20] "HEAD / HTTP/1.1" 200 -
INFO:werkzeug:172.18.0.1 - - [29/Nov/2021 10:16:19] "HEAD / HTTP/1.1" 200 -
INFO:werkzeug:172.18.0.1 - - [29/Nov/2021 10:21:22] "HEAD / HTTP/1.1" 200 -
INFO:werkzeug:172.18.0.1 - - [29/Nov/2021 10:26:19] "HEAD / HTTP/1.1" 200 -
INFO:werkzeug:172.18.0.1 - - [29/Nov/2021 10:31:19] "HEAD / HTTP/1.1" 200 -
INFO:werkzeug:172.18.0.1 - - [29/Nov/2021 10:36:19] "HEAD / HTTP/1.1" 200 -
INFO:werkzeug:172.18.0.1 - - [29/Nov/2021 10:41:19] "HEAD / HTTP/1.1" 200 -
INFO:werkzeug:172.18.0.1 - - [29/Nov/2021 10:46:19] "HEAD / HTTP/1.1" 200 -
INFO:werkzeug:172.18.0.1 - - [29/Nov/2021 10:51:19] "HEAD / HTTP/1.1" 200 -
INFO:werkzeug:172.18.0.1 - - [29/Nov/2021 10:56:19] "HEAD / HTTP/1.1" 200 -
INFO:werkzeug:172.18.0.1 - - [29/Nov/2021 11:01:19] "HEAD / HTTP/1.1" 200 -
INFO:werkzeug:172.18.0.1 - - [29/Nov/2021 11:06:19] "HEAD / HTTP/1.1" 200 -
INFO:werkzeug:172.18.0.1 - - [29/Nov/2021 11:11:19] "HEAD / HTTP/1.1" 200 -
INFO:werkzeug:172.18.0.1 - - [29/Nov/2021 11:16:19] "HEAD / HTTP/1.1" 200 -
INFO:werkzeug:172.18.0.1 - - [29/Nov/2021 11:21:19] "HEAD / HTTP/1.1" 200 -
INFO:werkzeug:172.18.0.1 - - [29/Nov/2021 11:26:19] "HEAD / HTTP/1.1" 200 -
INFO:werkzeug:172.18.0.1 - - [29/Nov/2021 11:31:19] "HEAD / HTTP/1.1" 200 -
INFO:werkzeug:172.18.0.1 - - [29/Nov/2021 11:36:19] "HEAD / HTTP/1.1" 200 -
INFO:werkzeug:172.18.0.1 - - [29/Nov/2021 11:41:19] "HEAD / HTTP/1.1" 200 -
INFO:werkzeug:172.18.0.1 - - [29/Nov/2021 11:46:19] "HEAD / HTTP/1.1" 200 -
INFO:werkzeug:172.18.0.1 - - [29/Nov/2021 11:51:19] "HEAD / HTTP/1.1" 200 -
INFO:werkzeug:172.18.0.1 - - [29/Nov/2021 11:56:19] "HEAD / HTTP/1.1" 200 -
INFO:werkzeug:172.18.0.1 - - [29/Nov/2021 12:01:19] "HEAD / HTTP/1.1" 200 -
INFO:werkzeug:172.18.0.1 - - [29/Nov/2021 12:06:19] "HEAD / HTTP/1.1" 200 -
INFO:werkzeug:172.18.0.1 - - [29/Nov/2021 12:11:19] "HEAD / HTTP/1.1" 200 -
INFO:werkzeug:172.18.0.1 - - [29/Nov/2021 12:16:19] "HEAD / HTTP/1.1" 200 -
INFO:werkzeug:172.18.0.1 - - [29/Nov/2021 12:21:19] "HEAD / HTTP/1.1" 200 -
INFO:werkzeug:172.18.0.1 - - [29/Nov/2021 12:26:19] "HEAD / HTTP/1.1" 200 -
INFO:werkzeug:172.18.0.1 - - [29/Nov/2021 12:31:20] "HEAD / HTTP/1.1" 200 -
INFO:werkzeug:172.18.0.1 - - [29/Nov/2021 12:36:19] "HEAD / HTTP/1.1" 200 -
INFO:werkzeug:172.18.0.1 - - [29/Nov/2021 12:41:19] "HEAD / HTTP/1.1" 200 -
INFO:werkzeug:172.18.0.1 - - [29/Nov/2021 12:46:19] "HEAD / HTTP/1.1" 200 -
INFO:werkzeug:172.18.0.1 - - [29/Nov/2021 12:51:19] "HEAD / HTTP/1.1" 200 -
INFO:werkzeug:172.18.0.1 - - [29/Nov/2021 12:56:19] "HEAD / HTTP/1.1" 200 -
INFO:werkzeug:172.18.0.1 - - [29/Nov/2021 13:01:19] "HEAD / HTTP/1.1" 200 -
INFO:werkzeug:172.18.0.1 - - [29/Nov/2021 13:04:48] "GET / HTTP/1.1" 200 -
WARNING:werkzeug: * Running on all addresses.
   WARNING: This is a development server. Do not use it in a production deployment.
INFO:werkzeug: * Running on http://172.18.0.43:8080/ (Press CTRL+C to quit)
INFO:werkzeug:172.18.0.1 - - [30/Nov/2021 15:40:05] "GET / HTTP/1.1" 200 -
WARNING:werkzeug: * Running on all addresses.
   WARNING: This is a development server. Do not use it in a production deployment.
INFO:werkzeug: * Running on http://172.18.0.73:8080/ (Press CTRL+C to quit)
INFO:werkzeug:172.18.0.1 - - [27/Dec/2021 12:43:05] "GET / HTTP/1.1" 200 -
INFO:werkzeug:172.18.0.1 - - [27/Dec/2021 12:43:10] "HEAD / HTTP/1.1" 200 -
INFO:werkzeug:172.18.0.1 - - [27/Dec/2021 12:48:10] "HEAD / HTTP/1.1" 200 -
INFO:werkzeug:172.18.0.1 - - [27/Dec/2021 12:51:37] "GET / HTTP/1.1" 200 -
INFO:werkzeug:172.18.0.1 - - [27/Dec/2021 12:53:10] "HEAD / HTTP/1.1" 200 -
INFO:werkzeug:172.18.0.1 - - [27/Dec/2021 12:54:55] "GET / HTTP/1.1" 200 -
INFO:werkzeug:172.18.0.1 - - [27/Dec/2021 12:58:10] "HEAD / HTTP/1.1" 200 -
INFO:werkzeug:172.18.0.1 - - [27/Dec/2021 13:03:10] "HEAD / HTTP/1.1" 200 -
INFO:werkzeug:172.18.0.1 - - [27/Dec/2021 13:07:43] "GET / HTTP/1.1" 200 -
INFO:werkzeug:172.18.0.1 - - [27/Dec/2021 13:08:10] "HEAD / HTTP/1.1" 200 -
INFO:werkzeug:172.18.0.1 - - [27/Dec/2021 13:13:10] "HEAD / HTTP/1.1" 200 -
WARNING:werkzeug: * Running on all addresses.
   WARNING: This is a development server. Do not use it in a production deployment.
INFO:werkzeug: * Running on http://172.18.0.184:8080/ (Press CTRL+C to quit)
INFO:werkzeug:172.18.0.1 - - [02/Jan/2022 23:59:37] "GET / HTTP/1.1" 200 -
INFO:werkzeug:172.18.0.1 - - [03/Jan/2022 00:03:58] "HEAD / HTTP/1.1" 200 -
INFO:werkzeug:172.18.0.1 - - [03/Jan/2022 00:08:58] "HEAD / HTTP/1.1" 200 -
INFO:werkzeug:172.18.0.1 - - [03/Jan/2022 00:13:58] "HEAD / HTTP/1.1" 200 -
INFO:werkzeug:172.18.0.1 - - [03/Jan/2022 00:18:58] "HEAD / HTTP/1.1" 200 -
INFO:werkzeug:172.18.0.1 - - [03/Jan/2022 00:23:58] "HEAD / HTTP/1.1" 200 -
INFO:werkzeug:172.18.0.1 - - [03/Jan/2022 00:28:58] "HEAD / HTTP/1.1" 200 -
INFO:werkzeug:172.18.0.1 - - [03/Jan/2022 00:33:58] "HEAD / HTTP/1.1" 200 -
INFO:werkzeug:172.18.0.1 - - [03/Jan/2022 00:38:58] "HEAD / HTTP/1.1" 200 -
INFO:werkzeug:172.18.0.1 - - [03/Jan/2022 00:43:58] "HEAD / HTTP/1.1" 200 -
INFO:werkzeug:172.18.0.1 - - [03/Jan/2022 00:48:58] "HEAD / HTTP/1.1" 200 -
INFO:werkzeug:172.18.0.1 - - [03/Jan/2022 00:53:58] "HEAD / HTTP/1.1" 200 -
INFO:werkzeug:172.18.0.1 - - [03/Jan/2022 00:58:58] "HEAD / HTTP/1.1" 200 -
INFO:werkzeug:172.18.0.1 - - [03/Jan/2022 01:03:58] "HEAD / HTTP/1.1" 200 -
INFO:werkzeug:172.18.0.1 - - [03/Jan/2022 01:08:58] "HEAD / HTTP/1.1" 200 -
INFO:werkzeug:172.18.0.1 - - [03/Jan/2022 01:13:58] "HEAD / HTTP/1.1" 200 -
INFO:werkzeug:172.18.0.1 - - [03/Jan/2022 01:18:58] "HEAD / HTTP/1.1" 200 -
INFO:werkzeug:172.18.0.1 - - [03/Jan/2022 01:23:58] "HEAD / HTTP/1.1" 200 -
INFO:werkzeug:172.18.0.1 - - [03/Jan/2022 01:28:58] "HEAD / HTTP/1.1" 200 -
INFO:werkzeug:172.18.0.1 - - [03/Jan/2022 01:33:58] "HEAD / HTTP/1.1" 200 -
INFO:werkzeug:172.18.0.1 - - [03/Jan/2022 01:38:58] "HEAD / HTTP/1.1" 200 -
INFO:werkzeug:172.18.0.1 - - [03/Jan/2022 01:43:58] "HEAD / HTTP/1.1" 200 -
INFO:werkzeug:172.18.0.1 - - [03/Jan/2022 01:48:58] "HEAD / HTTP/1.1" 200 -
INFO:werkzeug:172.18.0.1 - - [03/Jan/2022 01:53:58] "HEAD / HTTP/1.1" 200 -
INFO:werkzeug:172.18.0.1 - - [03/Jan/2022 01:58:58] "HEAD / HTTP/1.1" 200 -
INFO:werkzeug:172.18.0.1 - - [03/Jan/2022 02:03:58] "HEAD / HTTP/1.1" 200 -
INFO:werkzeug:172.18.0.1 - - [03/Jan/2022 02:08:58] "HEAD / HTTP/1.1" 200 -
INFO:werkzeug:172.18.0.1 - - [03/Jan/2022 02:13:58] "HEAD / HTTP/1.1" 200 -
INFO:werkzeug:172.18.0.1 - - [03/Jan/2022 02:18:58] "HEAD / HTTP/1.1" 200 -
INFO:werkzeug:172.18.0.1 - - [03/Jan/2022 02:23:58] "HEAD / HTTP/1.1" 200 -
INFO:werkzeug:172.18.0.1 - - [03/Jan/2022 02:28:58] "HEAD / HTTP/1.1" 200 -
INFO:werkzeug:172.18.0.1 - - [03/Jan/2022 02:33:59] "HEAD / HTTP/1.1" 200 -
INFO:werkzeug:172.18.0.1 - - [03/Jan/2022 02:38:58] "HEAD / HTTP/1.1" 200 -
INFO:werkzeug:172.18.0.1 - - [03/Jan/2022 02:43:58] "HEAD / HTTP/1.1" 200 -
INFO:werkzeug:172.18.0.1 - - [03/Jan/2022 02:48:58] "HEAD / HTTP/1.1" 200 -
INFO:werkzeug:172.18.0.1 - - [03/Jan/2022 02:53:58] "HEAD / HTTP/1.1" 200 -
INFO:werkzeug:172.18.0.1 - - [03/Jan/2022 02:58:58] "HEAD / HTTP/1.1" 200 -
INFO:werkzeug:172.18.0.1 - - [03/Jan/2022 03:03:58] "HEAD / HTTP/1.1" 200 -
INFO:werkzeug:172.18.0.1 - - [03/Jan/2022 03:08:58] "HEAD / HTTP/1.1" 200 -
INFO:werkzeug:172.18.0.1 - - [03/Jan/2022 03:13:58] "HEAD / HTTP/1.1" 200 -
INFO:werkzeug:172.18.0.1 - - [03/Jan/2022 03:18:58] "HEAD / HTTP/1.1" 200 -
INFO:werkzeug:172.18.0.1 - - [03/Jan/2022 03:23:58] "HEAD / HTTP/1.1" 200 -
INFO:werkzeug:172.18.0.1 - - [03/Jan/2022 03:28:58] "HEAD / HTTP/1.1" 200 -
INFO:werkzeug:172.18.0.1 - - [03/Jan/2022 03:33:58] "HEAD / HTTP/1.1" 200 -
INFO:werkzeug:172.18.0.1 - - [03/Jan/2022 03:38:58] "HEAD / HTTP/1.1" 200 -
INFO:werkzeug:172.18.0.1 - - [03/Jan/2022 03:43:58] "HEAD / HTTP/1.1" 200 -
INFO:werkzeug:172.18.0.1 - - [03/Jan/2022 03:48:58] "HEAD / HTTP/1.1" 200 -
INFO:werkzeug:172.18.0.1 - - [03/Jan/2022 03:53:58] "HEAD / HTTP/1.1" 200 -
INFO:werkzeug:172.18.0.1 - - [03/Jan/2022 03:58:58] "HEAD / HTTP/1.1" 200 -
INFO:werkzeug:172.18.0.1 - - [03/Jan/2022 04:03:58] "HEAD / HTTP/1.1" 200 -
INFO:werkzeug:172.18.0.1 - - [03/Jan/2022 04:08:58] "HEAD / HTTP/1.1" 200 -
INFO:werkzeug:172.18.0.1 - - [03/Jan/2022 04:13:58] "HEAD / HTTP/1.1" 200 -
INFO:werkzeug:172.18.0.1 - - [03/Jan/2022 04:18:58] "HEAD / HTTP/1.1" 200 -
INFO:werkzeug:172.18.0.1 - - [03/Jan/2022 04:23:58] "HEAD / HTTP/1.1" 200 -
INFO:werkzeug:172.18.0.1 - - [03/Jan/2022 04:28:58] "HEAD / HTTP/1.1" 200 -
INFO:werkzeug:172.18.0.1 - - [03/Jan/2022 04:33:58] "HEAD / HTTP/1.1" 200 -
INFO:werkzeug:172.18.0.1 - - [03/Jan/2022 04:38:58] "HEAD / HTTP/1.1" 200 -
INFO:werkzeug:172.18.0.1 - - [03/Jan/2022 04:43:58] "HEAD / HTTP/1.1" 200 -
INFO:werkzeug:172.18.0.1 - - [03/Jan/2022 04:48:58] "HEAD / HTTP/1.1" 200 -
INFO:werkzeug:172.18.0.1 - - [03/Jan/2022 04:53:58] "HEAD / HTTP/1.1" 200 -
INFO:werkzeug:172.18.0.1 - - [03/Jan/2022 04:58:58] "HEAD / HTTP/1.1" 200 -
INFO:werkzeug:172.18.0.1 - - [03/Jan/2022 05:03:58] "HEAD / HTTP/1.1" 200 -
INFO:werkzeug:172.18.0.1 - - [03/Jan/2022 05:08:58] "HEAD / HTTP/1.1" 200 -
INFO:werkzeug:172.18.0.1 - - [03/Jan/2022 05:13:58] "HEAD / HTTP/1.1" 200 -
INFO:werkzeug:172.18.0.1 - - [03/Jan/2022 05:18:58] "HEAD / HTTP/1.1" 200 -
INFO:werkzeug:172.18.0.1 - - [03/Jan/2022 05:23:58] "HEAD / HTTP/1.1" 200 -
INFO:werkzeug:172.18.0.1 - - [03/Jan/2022 05:28:58] "HEAD / HTTP/1.1" 200 -
INFO:werkzeug:172.18.0.1 - - [03/Jan/2022 05:33:58] "HEAD / HTTP/1.1" 200 -
INFO:werkzeug:172.18.0.1 - - [03/Jan/2022 05:38:58] "HEAD / HTTP/1.1" 200 -
INFO:werkzeug:172.18.0.1 - - [03/Jan/2022 05:43:58] "HEAD / HTTP/1.1" 200 -
INFO:werkzeug:172.18.0.1 - - [03/Jan/2022 05:48:58] "HEAD / HTTP/1.1" 200 -
INFO:werkzeug:172.18.0.1 - - [03/Jan/2022 05:53:58] "HEAD / HTTP/1.1" 200 -
INFO:werkzeug:172.18.0.1 - - [03/Jan/2022 05:58:58] "HEAD / HTTP/1.1" 200 -
INFO:werkzeug:172.18.0.1 - - [03/Jan/2022 06:03:58] "HEAD / HTTP/1.1" 200 -
INFO:werkzeug:172.18.0.1 - - [03/Jan/2022 06:08:58] "HEAD / HTTP/1.1" 200 -
INFO:werkzeug:172.18.0.1 - - [03/Jan/2022 06:13:58] "HEAD / HTTP/1.1" 200 -
INFO:werkzeug:172.18.0.1 - - [03/Jan/2022 06:18:58] "HEAD / HTTP/1.1" 200 -
INFO:werkzeug:172.18.0.1 - - [03/Jan/2022 06:23:58] "HEAD / HTTP/1.1" 200 -
INFO:werkzeug:172.18.0.1 - - [03/Jan/2022 06:28:58] "HEAD / HTTP/1.1" 200 -
INFO:werkzeug:172.18.0.1 - - [03/Jan/2022 06:33:58] "HEAD / HTTP/1.1" 200 -
INFO:werkzeug:172.18.0.1 - - [03/Jan/2022 06:38:58] "HEAD / HTTP/1.1" 200 -
INFO:werkzeug:172.18.0.1 - - [03/Jan/2022 06:43:58] "HEAD / HTTP/1.1" 200 -
INFO:werkzeug:172.18.0.1 - - [03/Jan/2022 06:48:58] "HEAD / HTTP/1.1" 200 -
INFO:werkzeug:172.18.0.1 - - [03/Jan/2022 06:53:58] "HEAD / HTTP/1.1" 200 -
INFO:werkzeug:172.18.0.1 - - [03/Jan/2022 06:58:58] "HEAD / HTTP/1.1" 200 -
INFO:werkzeug:172.18.0.1 - - [03/Jan/2022 07:03:58] "HEAD / HTTP/1.1" 200 -
INFO:werkzeug:172.18.0.1 - - [03/Jan/2022 07:08:58] "HEAD / HTTP/1.1" 200 -
INFO:werkzeug:172.18.0.1 - - [03/Jan/2022 07:13:58] "HEAD / HTTP/1.1" 200 -
INFO:werkzeug:172.18.0.1 - - [03/Jan/2022 07:18:58] "HEAD / HTTP/1.1" 200 -
INFO:werkzeug:172.18.0.1 - - [03/Jan/2022 07:23:58] "HEAD / HTTP/1.1" 200 -
INFO:werkzeug:172.18.0.1 - - [03/Jan/2022 07:28:58] "HEAD / HTTP/1.1" 200 -
INFO:werkzeug:172.18.0.1 - - [03/Jan/2022 07:33:58] "HEAD / HTTP/1.1" 200 -
INFO:werkzeug:172.18.0.1 - - [03/Jan/2022 07:39:22] "GET / HTTP/1.1" 200 -
INFO:werkzeug:172.18.0.1 - - [03/Jan/2022 07:44:22] "HEAD / HTTP/1.1" 200 -
INFO:werkzeug:172.18.0.1 - - [03/Jan/2022 07:49:22] "HEAD / HTTP/1.1" 200 -
INFO:werkzeug:172.18.0.1 - - [03/Jan/2022 07:54:22] "HEAD / HTTP/1.1" 200 -
INFO:werkzeug:172.18.0.1 - - [03/Jan/2022 07:59:22] "HEAD / HTTP/1.1" 200 -
INFO:werkzeug:172.18.0.1 - - [03/Jan/2022 08:04:22] "HEAD / HTTP/1.1" 200 -
INFO:werkzeug:172.18.0.1 - - [03/Jan/2022 08:09:22] "HEAD / HTTP/1.1" 200 -
INFO:werkzeug:172.18.0.1 - - [03/Jan/2022 08:14:22] "HEAD / HTTP/1.1" 200 -
INFO:werkzeug:172.18.0.1 - - [03/Jan/2022 08:19:22] "HEAD / HTTP/1.1" 200 -
INFO:werkzeug:172.18.0.1 - - [03/Jan/2022 08:24:22] "HEAD / HTTP/1.1" 200 -
INFO:werkzeug:172.18.0.1 - - [03/Jan/2022 08:29:22] "HEAD / HTTP/1.1" 200 -
INFO:werkzeug:172.18.0.1 - - [03/Jan/2022 08:34:22] "HEAD / HTTP/1.1" 200 -
INFO:werkzeug:172.18.0.1 - - [03/Jan/2022 08:39:22] "HEAD / HTTP/1.1" 200 -
INFO:werkzeug:172.18.0.1 - - [03/Jan/2022 08:44:22] "HEAD / HTTP/1.1" 200 -
INFO:werkzeug:172.18.0.1 - - [03/Jan/2022 08:49:22] "HEAD / HTTP/1.1" 200 -
INFO:werkzeug:172.18.0.1 - - [03/Jan/2022 08:54:22] "HEAD / HTTP/1.1" 200 -
INFO:werkzeug:172.18.0.1 - - [03/Jan/2022 08:59:22] "HEAD / HTTP/1.1" 200 -
INFO:werkzeug:172.18.0.1 - - [03/Jan/2022 09:04:22] "HEAD / HTTP/1.1" 200 -
INFO:werkzeug:172.18.0.1 - - [03/Jan/2022 09:09:22] "HEAD / HTTP/1.1" 200 -
INFO:werkzeug:172.18.0.1 - - [03/Jan/2022 09:14:22] "HEAD / HTTP/1.1" 200 -
INFO:werkzeug:172.18.0.1 - - [03/Jan/2022 09:19:22] "HEAD / HTTP/1.1" 200 -
INFO:werkzeug:172.18.0.1 - - [03/Jan/2022 09:24:22] "HEAD / HTTP/1.1" 200 -
INFO:werkzeug:172.18.0.1 - - [03/Jan/2022 09:29:22] "HEAD / HTTP/1.1" 200 -
INFO:werkzeug:172.18.0.1 - - [03/Jan/2022 09:34:22] "HEAD / HTTP/1.1" 200 -
INFO:werkzeug:172.18.0.1 - - [03/Jan/2022 09:38:35] "GET / HTTP/1.1" 200 -
INFO:werkzeug:172.18.0.1 - - [03/Jan/2022 09:39:22] "HEAD / HTTP/1.1" 200 -
INFO:werkzeug:172.18.0.1 - - [03/Jan/2022 09:44:22] "HEAD / HTTP/1.1" 200 -
INFO:werkzeug:172.18.0.1 - - [03/Jan/2022 09:49:22] "HEAD / HTTP/1.1" 200 -
INFO:werkzeug:172.18.0.1 - - [03/Jan/2022 09:54:22] "HEAD / HTTP/1.1" 200 -
INFO:werkzeug:172.18.0.1 - - [03/Jan/2022 09:59:22] "HEAD / HTTP/1.1" 200 -
INFO:werkzeug:172.18.0.1 - - [03/Jan/2022 10:04:22] "HEAD / HTTP/1.1" 200 -
INFO:werkzeug:172.18.0.1 - - [03/Jan/2022 10:09:22] "HEAD / HTTP/1.1" 200 -
WARNING:discord.gateway:Can't keep up, shard ID None websocket is 41.3s behind.
INFO:werkzeug:172.18.0.1 - - [03/Jan/2022 10:14:22] "HEAD / HTTP/1.1" 200 -
INFO:werkzeug:172.18.0.1 - - [03/Jan/2022 10:18:03] "GET / HTTP/1.1" 200 -
INFO:werkzeug:172.18.0.1 - - [03/Jan/2022 10:19:22] "HEAD / HTTP/1.1" 200 -
INFO:werkzeug:172.18.0.1 - - [03/Jan/2022 10:24:02] "GET / HTTP/1.1" 200 -
INFO:werkzeug:172.18.0.1 - - [03/Jan/2022 10:24:22] "HEAD / HTTP/1.1" 200 -
INFO:werkzeug:172.18.0.1 - - [03/Jan/2022 10:29:22] "HEAD / HTTP/1.1" 200 -
INFO:werkzeug:172.18.0.1 - - [03/Jan/2022 10:31:16] "GET / HTTP/1.1" 200 -
WARNING:werkzeug: * Running on all addresses.
   WARNING: This is a development server. Do not use it in a production deployment.
INFO:werkzeug: * Running on http://172.18.1.24:8080/ (Press CTRL+C to quit)
INFO:werkzeug:172.18.0.1 - - [03/Jan/2022 11:55:03] "GET / HTTP/1.1" 200 -
INFO:werkzeug:172.18.0.1 - - [03/Jan/2022 11:59:22] "HEAD / HTTP/1.1" 200 -
INFO:werkzeug:172.18.0.1 - - [03/Jan/2022 12:04:22] "HEAD / HTTP/1.1" 200 -
INFO:werkzeug:172.18.0.1 - - [03/Jan/2022 12:09:22] "HEAD / HTTP/1.1" 200 -
INFO:werkzeug:172.18.0.1 - - [03/Jan/2022 12:14:22] "HEAD / HTTP/1.1" 200 -
INFO:werkzeug:172.18.0.1 - - [03/Jan/2022 12:19:22] "HEAD / HTTP/1.1" 200 -
INFO:werkzeug:172.18.0.1 - - [03/Jan/2022 12:24:22] "HEAD / HTTP/1.1" 200 -
INFO:werkzeug:172.18.0.1 - - [03/Jan/2022 12:29:22] "HEAD / HTTP/1.1" 200 -
INFO:werkzeug:172.18.0.1 - - [03/Jan/2022 12:34:22] "HEAD / HTTP/1.1" 200 -
INFO:werkzeug:172.18.0.1 - - [03/Jan/2022 12:39:22] "HEAD / HTTP/1.1" 200 -
INFO:werkzeug:172.18.0.1 - - [03/Jan/2022 12:44:22] "HEAD / HTTP/1.1" 200 -
INFO:werkzeug:172.18.0.1 - - [03/Jan/2022 12:49:22] "HEAD / HTTP/1.1" 200 -
INFO:werkzeug:172.18.0.1 - - [03/Jan/2022 12:54:22] "HEAD / HTTP/1.1" 200 -
INFO:werkzeug:172.18.0.1 - - [03/Jan/2022 12:59:22] "HEAD / HTTP/1.1" 200 -
INFO:werkzeug:172.18.0.1 - - [03/Jan/2022 13:04:22] "HEAD / HTTP/1.1" 200 -
INFO:werkzeug:172.18.0.1 - - [03/Jan/2022 13:09:22] "HEAD / HTTP/1.1" 200 -
INFO:werkzeug:172.18.0.1 - - [03/Jan/2022 13:14:22] "HEAD / HTTP/1.1" 200 -
INFO:werkzeug:172.18.0.1 - - [03/Jan/2022 13:19:22] "HEAD / HTTP/1.1" 200 -
INFO:werkzeug:172.18.0.1 - - [03/Jan/2022 13:24:22] "HEAD / HTTP/1.1" 200 -
INFO:werkzeug:172.18.0.1 - - [03/Jan/2022 13:25:53] "GET / HTTP/1.1" 200 -
INFO:werkzeug:172.18.0.1 - - [03/Jan/2022 13:29:22] "HEAD / HTTP/1.1" 200 -
INFO:werkzeug:172.18.0.1 - - [03/Jan/2022 13:34:22] "HEAD / HTTP/1.1" 200 -
INFO:werkzeug:172.18.0.1 - - [03/Jan/2022 13:39:22] "HEAD / HTTP/1.1" 200 -
INFO:werkzeug:172.18.0.1 - - [03/Jan/2022 13:44:22] "HEAD / HTTP/1.1" 200 -
INFO:werkzeug:172.18.0.1 - - [03/Jan/2022 13:49:22] "HEAD / HTTP/1.1" 200 -
INFO:werkzeug:172.18.0.1 - - [03/Jan/2022 13:54:22] "HEAD / HTTP/1.1" 200 -
INFO:werkzeug:172.18.0.1 - - [03/Jan/2022 13:59:22] "HEAD / HTTP/1.1" 200 -
INFO:werkzeug:172.18.0.1 - - [03/Jan/2022 13:59:45] "GET / HTTP/1.1" 200 -
INFO:werkzeug:172.18.0.1 - - [03/Jan/2022 14:00:36] "GET / HTTP/1.1" 200 -
INFO:werkzeug:172.18.0.1 - - [03/Jan/2022 14:04:22] "HEAD / HTTP/1.1" 200 -
INFO:werkzeug:172.18.0.1 - - [03/Jan/2022 14:09:22] "HEAD / HTTP/1.1" 200 -
INFO:werkzeug:172.18.0.1 - - [03/Jan/2022 14:14:22] "HEAD / HTTP/1.1" 200 -
INFO:werkzeug:172.18.0.1 - - [03/Jan/2022 14:19:22] "HEAD / HTTP/1.1" 200 -
INFO:werkzeug:172.18.0.1 - - [03/Jan/2022 14:24:22] "HEAD / HTTP/1.1" 200 -
INFO:werkzeug:172.18.0.1 - - [03/Jan/2022 14:29:22] "HEAD / HTTP/1.1" 200 -
INFO:werkzeug:172.18.0.1 - - [03/Jan/2022 14:34:22] "HEAD / HTTP/1.1" 200 -
INFO:werkzeug:172.18.0.1 - - [03/Jan/2022 14:39:22] "HEAD / HTTP/1.1" 200 -
INFO:werkzeug:172.18.0.1 - - [03/Jan/2022 14:44:22] "HEAD / HTTP/1.1" 200 -
INFO:werkzeug:172.18.0.1 - - [03/Jan/2022 14:49:22] "HEAD / HTTP/1.1" 200 -
INFO:werkzeug:172.18.0.1 - - [03/Jan/2022 14:54:22] "HEAD / HTTP/1.1" 200 -
INFO:werkzeug:172.18.0.1 - - [03/Jan/2022 14:59:22] "HEAD / HTTP/1.1" 200 -
INFO:werkzeug:172.18.0.1 - - [03/Jan/2022 15:04:22] "HEAD / HTTP/1.1" 200 -
INFO:werkzeug:172.18.0.1 - - [03/Jan/2022 15:16:23] "HEAD / HTTP/1.1" 200 -
INFO:werkzeug:172.18.0.1 - - [03/Jan/2022 15:21:23] "HEAD / HTTP/1.1" 200 -
INFO:werkzeug:172.18.0.1 - - [03/Jan/2022 15:26:23] "HEAD / HTTP/1.1" 200 -
INFO:werkzeug:172.18.0.1 - - [03/Jan/2022 15:31:23] "HEAD / HTTP/1.1" 200 -
INFO:werkzeug:172.18.0.1 - - [03/Jan/2022 15:36:23] "HEAD / HTTP/1.1" 200 -
INFO:werkzeug:172.18.0.1 - - [03/Jan/2022 15:41:23] "HEAD / HTTP/1.1" 200 -
INFO:werkzeug:172.18.0.1 - - [03/Jan/2022 15:46:23] "HEAD / HTTP/1.1" 200 -
INFO:werkzeug:172.18.0.1 - - [03/Jan/2022 15:51:23] "HEAD / HTTP/1.1" 200 -
INFO:werkzeug:172.18.0.1 - - [03/Jan/2022 15:56:23] "HEAD / HTTP/1.1" 200 -
INFO:werkzeug:172.18.0.1 - - [03/Jan/2022 15:58:37] "GET / HTTP/1.1" 200 -
INFO:werkzeug:172.18.0.1 - - [03/Jan/2022 16:01:23] "HEAD / HTTP/1.1" 200 -
INFO:werkzeug:172.18.0.1 - - [03/Jan/2022 16:06:23] "HEAD / HTTP/1.1" 200 -
INFO:werkzeug:172.18.0.1 - - [03/Jan/2022 16:11:23] "HEAD / HTTP/1.1" 200 -
INFO:werkzeug:172.18.0.1 - - [03/Jan/2022 16:16:23] "HEAD / HTTP/1.1" 200 -
INFO:werkzeug:172.18.0.1 - - [03/Jan/2022 16:21:23] "HEAD / HTTP/1.1" 200 -
INFO:werkzeug:172.18.0.1 - - [03/Jan/2022 16:26:23] "HEAD / HTTP/1.1" 200 -
INFO:werkzeug:172.18.0.1 - - [03/Jan/2022 16:31:23] "HEAD / HTTP/1.1" 200 -
INFO:werkzeug:172.18.0.1 - - [03/Jan/2022 16:36:23] "HEAD / HTTP/1.1" 200 -
INFO:werkzeug:172.18.0.1 - - [03/Jan/2022 16:41:23] "HEAD / HTTP/1.1" 200 -
INFO:werkzeug:172.18.0.1 - - [03/Jan/2022 16:42:47] "GET / HTTP/1.1" 200 -
WARNING:werkzeug: * Running on all addresses.
   WARNING: This is a development server. Do not use it in a production deployment.
INFO:werkzeug: * Running on http://172.18.1.12:8080/ (Press CTRL+C to quit)
INFO:werkzeug:172.18.0.1 - - [04/Jan/2022 09:02:54] "GET / HTTP/1.1" 200 -
INFO:werkzeug:172.18.0.1 - - [04/Jan/2022 09:06:23] "HEAD / HTTP/1.1" 200 -
INFO:werkzeug:172.18.0.1 - - [04/Jan/2022 09:11:23] "HEAD / HTTP/1.1" 200 -
INFO:werkzeug:172.18.0.1 - - [04/Jan/2022 09:16:24] "HEAD / HTTP/1.1" 200 -
INFO:werkzeug:172.18.0.1 - - [04/Jan/2022 09:21:23] "HEAD / HTTP/1.1" 200 -
INFO:werkzeug:172.18.0.1 - - [04/Jan/2022 09:26:23] "HEAD / HTTP/1.1" 200 -
INFO:werkzeug:172.18.0.1 - - [04/Jan/2022 09:31:23] "HEAD / HTTP/1.1" 200 -
INFO:werkzeug:172.18.0.1 - - [04/Jan/2022 09:36:23] "HEAD / HTTP/1.1" 200 -
INFO:werkzeug:172.18.0.1 - - [04/Jan/2022 09:41:23] "HEAD / HTTP/1.1" 200 -
INFO:werkzeug:172.18.0.1 - - [04/Jan/2022 09:46:23] "HEAD / HTTP/1.1" 200 -
INFO:werkzeug:172.18.0.1 - - [04/Jan/2022 09:51:23] "HEAD / HTTP/1.1" 200 -
INFO:werkzeug:172.18.0.1 - - [04/Jan/2022 09:56:23] "HEAD / HTTP/1.1" 200 -
INFO:werkzeug:172.18.0.1 - - [04/Jan/2022 10:01:23] "HEAD / HTTP/1.1" 200 -
INFO:werkzeug:172.18.0.1 - - [04/Jan/2022 10:06:23] "HEAD / HTTP/1.1" 200 -
INFO:werkzeug:172.18.0.1 - - [04/Jan/2022 10:11:23] "HEAD / HTTP/1.1" 200 -
INFO:werkzeug:172.18.0.1 - - [04/Jan/2022 10:16:23] "HEAD / HTTP/1.1" 200 -
INFO:werkzeug:172.18.0.1 - - [04/Jan/2022 10:21:23] "HEAD / HTTP/1.1" 200 -
INFO:werkzeug:172.18.0.1 - - [04/Jan/2022 10:26:23] "HEAD / HTTP/1.1" 200 -
INFO:werkzeug:172.18.0.1 - - [04/Jan/2022 10:31:23] "HEAD / HTTP/1.1" 200 -
INFO:werkzeug:172.18.0.1 - - [04/Jan/2022 10:36:23] "HEAD / HTTP/1.1" 200 -
INFO:werkzeug:172.18.0.1 - - [04/Jan/2022 10:41:23] "HEAD / HTTP/1.1" 200 -
INFO:werkzeug:172.18.0.1 - - [04/Jan/2022 10:46:23] "HEAD / HTTP/1.1" 200 -
INFO:werkzeug:172.18.0.1 - - [04/Jan/2022 10:51:23] "HEAD / HTTP/1.1" 200 -
INFO:werkzeug:172.18.0.1 - - [04/Jan/2022 10:56:23] "HEAD / HTTP/1.1" 200 -
INFO:werkzeug:172.18.0.1 - - [04/Jan/2022 11:01:23] "HEAD / HTTP/1.1" 200 -
INFO:werkzeug:172.18.0.1 - - [04/Jan/2022 11:06:23] "HEAD / HTTP/1.1" 200 -
INFO:werkzeug:172.18.0.1 - - [04/Jan/2022 11:11:23] "HEAD / HTTP/1.1" 200 -
INFO:werkzeug:172.18.0.1 - - [04/Jan/2022 11:16:23] "HEAD / HTTP/1.1" 200 -
INFO:werkzeug:172.18.0.1 - - [04/Jan/2022 11:21:23] "HEAD / HTTP/1.1" 200 -
INFO:werkzeug:172.18.0.1 - - [04/Jan/2022 11:26:23] "HEAD / HTTP/1.1" 200 -
INFO:werkzeug:172.18.0.1 - - [04/Jan/2022 11:31:23] "HEAD / HTTP/1.1" 200 -
INFO:werkzeug:172.18.0.1 - - [04/Jan/2022 11:36:23] "HEAD / HTTP/1.1" 200 -
INFO:werkzeug:172.18.0.1 - - [04/Jan/2022 11:41:23] "HEAD / HTTP/1.1" 200 -
INFO:werkzeug:172.18.0.1 - - [04/Jan/2022 11:46:23] "HEAD / HTTP/1.1" 200 -
INFO:werkzeug:172.18.0.1 - - [04/Jan/2022 11:51:23] "HEAD / HTTP/1.1" 200 -
INFO:werkzeug:172.18.0.1 - - [04/Jan/2022 11:56:23] "HEAD / HTTP/1.1" 200 -
INFO:werkzeug:172.18.0.1 - - [04/Jan/2022 12:01:23] "HEAD / HTTP/1.1" 200 -
INFO:werkzeug:172.18.0.1 - - [04/Jan/2022 12:06:24] "HEAD / HTTP/1.1" 200 -
INFO:werkzeug:172.18.0.1 - - [04/Jan/2022 12:11:23] "HEAD / HTTP/1.1" 200 -
INFO:werkzeug:172.18.0.1 - - [04/Jan/2022 12:16:23] "HEAD / HTTP/1.1" 200 -
INFO:werkzeug:172.18.0.1 - - [04/Jan/2022 12:21:23] "HEAD / HTTP/1.1" 200 -
INFO:werkzeug:172.18.0.1 - - [04/Jan/2022 12:26:23] "HEAD / HTTP/1.1" 200 -
INFO:werkzeug:172.18.0.1 - - [04/Jan/2022 12:31:23] "HEAD / HTTP/1.1" 200 -
INFO:werkzeug:172.18.0.1 - - [04/Jan/2022 12:36:23] "HEAD / HTTP/1.1" 200 -
INFO:werkzeug:172.18.0.1 - - [04/Jan/2022 12:41:23] "HEAD / HTTP/1.1" 200 -
INFO:werkzeug:172.18.0.1 - - [04/Jan/2022 12:46:23] "HEAD / HTTP/1.1" 200 -
INFO:werkzeug:172.18.0.1 - - [04/Jan/2022 12:51:23] "HEAD / HTTP/1.1" 200 -
INFO:werkzeug:172.18.0.1 - - [04/Jan/2022 12:56:23] "HEAD / HTTP/1.1" 200 -
INFO:werkzeug:172.18.0.1 - - [04/Jan/2022 13:01:23] "HEAD / HTTP/1.1" 200 -
INFO:werkzeug:172.18.0.1 - - [04/Jan/2022 13:06:23] "HEAD / HTTP/1.1" 200 -
INFO:werkzeug:172.18.0.1 - - [04/Jan/2022 13:11:23] "HEAD / HTTP/1.1" 200 -
INFO:werkzeug:172.18.0.1 - - [04/Jan/2022 13:16:23] "HEAD / HTTP/1.1" 200 -
INFO:werkzeug:172.18.0.1 - - [04/Jan/2022 13:21:23] "HEAD / HTTP/1.1" 200 -
INFO:werkzeug:172.18.0.1 - - [04/Jan/2022 13:26:23] "HEAD / HTTP/1.1" 200 -
INFO:werkzeug:172.18.0.1 - - [04/Jan/2022 13:31:23] "HEAD / HTTP/1.1" 200 -
INFO:werkzeug:172.18.0.1 - - [04/Jan/2022 13:36:23] "HEAD / HTTP/1.1" 200 -
INFO:werkzeug:172.18.0.1 - - [04/Jan/2022 13:41:25] "HEAD / HTTP/1.1" 200 -
INFO:werkzeug:172.18.0.1 - - [04/Jan/2022 13:46:23] "HEAD / HTTP/1.1" 200 -
INFO:werkzeug:172.18.0.1 - - [04/Jan/2022 13:51:23] "HEAD / HTTP/1.1" 200 -
INFO:werkzeug:172.18.0.1 - - [04/Jan/2022 13:56:23] "HEAD / HTTP/1.1" 200 -
INFO:werkzeug:172.18.0.1 - - [04/Jan/2022 14:01:23] "HEAD / HTTP/1.1" 200 -
INFO:werkzeug:172.18.0.1 - - [04/Jan/2022 14:06:23] "HEAD / HTTP/1.1" 200 -
INFO:werkzeug:172.18.0.1 - - [04/Jan/2022 14:08:43] "GET / HTTP/1.1" 200 -
WARNING:discord.gateway:Can't keep up, shard ID None websocket is 41.3s behind.
WARNING:werkzeug: * Running on all addresses.
   WARNING: This is a development server. Do not use it in a production deployment.
INFO:werkzeug: * Running on http://172.18.0.88:8080/ (Press CTRL+C to quit)
INFO:werkzeug:172.18.0.1 - - [04/Jan/2022 15:20:39] "GET / HTTP/1.1" 200 -
INFO:werkzeug:172.18.0.1 - - [04/Jan/2022 15:21:23] "HEAD / HTTP/1.1" 200 -
WARNING:werkzeug: * Running on all addresses.
   WARNING: This is a development server. Do not use it in a production deployment.
INFO:werkzeug: * Running on http://172.18.0.55:8080/ (Press CTRL+C to quit)
INFO:werkzeug:172.18.0.1 - - [29/Jan/2022 07:32:06] "GET / HTTP/1.1" 200 -
INFO:werkzeug:172.18.0.1 - - [29/Jan/2022 07:32:11] "GET / HTTP/1.1" 200 -
INFO:werkzeug:172.18.0.1 - - [29/Jan/2022 07:37:11] "HEAD / HTTP/1.1" 200 -
INFO:werkzeug:172.18.0.1 - - [29/Jan/2022 07:42:11] "HEAD / HTTP/1.1" 200 -
INFO:werkzeug:172.18.0.1 - - [29/Jan/2022 07:47:11] "HEAD / HTTP/1.1" 200 -
INFO:werkzeug:172.18.0.1 - - [29/Jan/2022 07:52:11] "HEAD / HTTP/1.1" 200 -
INFO:werkzeug:172.18.0.1 - - [29/Jan/2022 07:57:11] "HEAD / HTTP/1.1" 200 -
INFO:werkzeug:172.18.0.1 - - [29/Jan/2022 08:02:11] "HEAD / HTTP/1.1" 200 -
INFO:werkzeug:172.18.0.1 - - [29/Jan/2022 08:07:11] "HEAD / HTTP/1.1" 200 -
INFO:werkzeug:172.18.0.1 - - [29/Jan/2022 08:12:11] "HEAD / HTTP/1.1" 200 -
INFO:werkzeug:172.18.0.1 - - [29/Jan/2022 08:17:11] "HEAD / HTTP/1.1" 200 -
INFO:werkzeug:172.18.0.1 - - [29/Jan/2022 08:22:11] "HEAD / HTTP/1.1" 200 -
INFO:werkzeug:172.18.0.1 - - [29/Jan/2022 08:27:11] "HEAD / HTTP/1.1" 200 -
INFO:werkzeug:172.18.0.1 - - [29/Jan/2022 08:32:11] "HEAD / HTTP/1.1" 200 -
INFO:werkzeug:172.18.0.1 - - [29/Jan/2022 08:37:11] "HEAD / HTTP/1.1" 200 -
INFO:werkzeug:172.18.0.1 - - [29/Jan/2022 08:42:11] "HEAD / HTTP/1.1" 200 -
INFO:werkzeug:172.18.0.1 - - [29/Jan/2022 08:47:11] "HEAD / HTTP/1.1" 200 -
INFO:werkzeug:172.18.0.1 - - [29/Jan/2022 08:52:11] "HEAD / HTTP/1.1" 200 -
INFO:werkzeug:172.18.0.1 - - [29/Jan/2022 08:57:11] "HEAD / HTTP/1.1" 200 -
INFO:werkzeug:172.18.0.1 - - [29/Jan/2022 09:02:11] "HEAD / HTTP/1.1" 200 -
INFO:werkzeug:172.18.0.1 - - [29/Jan/2022 09:07:11] "HEAD / HTTP/1.1" 200 -
INFO:werkzeug:172.18.0.1 - - [29/Jan/2022 09:12:11] "HEAD / HTTP/1.1" 200 -
INFO:werkzeug:172.18.0.1 - - [29/Jan/2022 09:17:11] "HEAD / HTTP/1.1" 200 -
INFO:werkzeug:172.18.0.1 - - [29/Jan/2022 09:22:11] "HEAD / HTTP/1.1" 200 -
INFO:werkzeug:172.18.0.1 - - [29/Jan/2022 09:27:11] "HEAD / HTTP/1.1" 200 -
INFO:werkzeug:172.18.0.1 - - [29/Jan/2022 09:32:11] "HEAD / HTTP/1.1" 200 -
INFO:werkzeug:172.18.0.1 - - [29/Jan/2022 09:37:11] "HEAD / HTTP/1.1" 200 -
ERROR:discord.client:Attempting a reconnect in 1.77s
Traceback (most recent call last):
  File "/opt/virtualenvs/python3/lib/python3.8/site-packages/discord/http.py", line 967, in get_gateway
    data = await self.request(Route('GET', '/gateway'))
  File "/opt/virtualenvs/python3/lib/python3.8/site-packages/discord/http.py", line 216, in request
    raise HTTPException(r, data)
discord.errors.HTTPException: 429 Too Many Requests (error code: 0): You are being blocked from accessing our API temporarily due to exceeding our rate limits frequently. Please read our docs at https://discord.com/developers/docs/topics/rate-limits to prevent this moving forward.

The above exception was the direct cause of the following exception:

Traceback (most recent call last):
  File "/opt/virtualenvs/python3/lib/python3.8/site-packages/discord/client.py", line 563, in connect
    self.ws = await asyncio.wait_for(coro, timeout=60.0)
  File "/usr/lib/python3.8/asyncio/tasks.py", line 494, in wait_for
    return fut.result()
  File "/opt/virtualenvs/python3/lib/python3.8/site-packages/discord/gateway.py", line 305, in from_client
    gateway = gateway or await client.http.get_gateway()
  File "/opt/virtualenvs/python3/lib/python3.8/site-packages/discord/http.py", line 969, in get_gateway
    raise GatewayNotFound() from exc
discord.errors.GatewayNotFound: The gateway to connect to discord was not found.
ERROR:discord.client:Attempting a reconnect in 3.42s
Traceback (most recent call last):
  File "/opt/virtualenvs/python3/lib/python3.8/site-packages/discord/http.py", line 967, in get_gateway
    data = await self.request(Route('GET', '/gateway'))
  File "/opt/virtualenvs/python3/lib/python3.8/site-packages/discord/http.py", line 216, in request
    raise HTTPException(r, data)
discord.errors.HTTPException: 429 Too Many Requests (error code: 0): You are being blocked from accessing our API temporarily due to exceeding our rate limits frequently. Please read our docs at https://discord.com/developers/docs/topics/rate-limits to prevent this moving forward.

The above exception was the direct cause of the following exception:

Traceback (most recent call last):
  File "/opt/virtualenvs/python3/lib/python3.8/site-packages/discord/client.py", line 563, in connect
    self.ws = await asyncio.wait_for(coro, timeout=60.0)
  File "/usr/lib/python3.8/asyncio/tasks.py", line 494, in wait_for
    return fut.result()
  File "/opt/virtualenvs/python3/lib/python3.8/site-packages/discord/gateway.py", line 305, in from_client
    gateway = gateway or await client.http.get_gateway()
  File "/opt/virtualenvs/python3/lib/python3.8/site-packages/discord/http.py", line 969, in get_gateway
    raise GatewayNotFound() from exc
discord.errors.GatewayNotFound: The gateway to connect to discord was not found.
ERROR:discord.client:Attempting a reconnect in 1.52s
Traceback (most recent call last):
  File "/opt/virtualenvs/python3/lib/python3.8/site-packages/discord/http.py", line 967, in get_gateway
    data = await self.request(Route('GET', '/gateway'))
  File "/opt/virtualenvs/python3/lib/python3.8/site-packages/discord/http.py", line 216, in request
    raise HTTPException(r, data)
discord.errors.HTTPException: 429 Too Many Requests (error code: 0): You are being blocked from accessing our API temporarily due to exceeding our rate limits frequently. Please read our docs at https://discord.com/developers/docs/topics/rate-limits to prevent this moving forward.

The above exception was the direct cause of the following exception:

Traceback (most recent call last):
  File "/opt/virtualenvs/python3/lib/python3.8/site-packages/discord/client.py", line 563, in connect
    self.ws = await asyncio.wait_for(coro, timeout=60.0)
  File "/usr/lib/python3.8/asyncio/tasks.py", line 494, in wait_for
    return fut.result()
  File "/opt/virtualenvs/python3/lib/python3.8/site-packages/discord/gateway.py", line 305, in from_client
    gateway = gateway or await client.http.get_gateway()
  File "/opt/virtualenvs/python3/lib/python3.8/site-packages/discord/http.py", line 969, in get_gateway
    raise GatewayNotFound() from exc
discord.errors.GatewayNotFound: The gateway to connect to discord was not found.
ERROR:discord.client:Attempting a reconnect in 8.27s
Traceback (most recent call last):
  File "/opt/virtualenvs/python3/lib/python3.8/site-packages/discord/http.py", line 967, in get_gateway
    data = await self.request(Route('GET', '/gateway'))
  File "/opt/virtualenvs/python3/lib/python3.8/site-packages/discord/http.py", line 216, in request
    raise HTTPException(r, data)
discord.errors.HTTPException: 429 Too Many Requests (error code: 0): You are being blocked from accessing our API temporarily due to exceeding our rate limits frequently. Please read our docs at https://discord.com/developers/docs/topics/rate-limits to prevent this moving forward.

The above exception was the direct cause of the following exception:

Traceback (most recent call last):
  File "/opt/virtualenvs/python3/lib/python3.8/site-packages/discord/client.py", line 563, in connect
    self.ws = await asyncio.wait_for(coro, timeout=60.0)
  File "/usr/lib/python3.8/asyncio/tasks.py", line 494, in wait_for
    return fut.result()
  File "/opt/virtualenvs/python3/lib/python3.8/site-packages/discord/gateway.py", line 305, in from_client
    gateway = gateway or await client.http.get_gateway()
  File "/opt/virtualenvs/python3/lib/python3.8/site-packages/discord/http.py", line 969, in get_gateway
    raise GatewayNotFound() from exc
discord.errors.GatewayNotFound: The gateway to connect to discord was not found.
ERROR:discord.client:Attempting a reconnect in 15.48s
Traceback (most recent call last):
  File "/opt/virtualenvs/python3/lib/python3.8/site-packages/discord/http.py", line 967, in get_gateway
    data = await self.request(Route('GET', '/gateway'))
  File "/opt/virtualenvs/python3/lib/python3.8/site-packages/discord/http.py", line 216, in request
    raise HTTPException(r, data)
discord.errors.HTTPException: 429 Too Many Requests (error code: 0): You are being blocked from accessing our API temporarily due to exceeding our rate limits frequently. Please read our docs at https://discord.com/developers/docs/topics/rate-limits to prevent this moving forward.

The above exception was the direct cause of the following exception:

Traceback (most recent call last):
  File "/opt/virtualenvs/python3/lib/python3.8/site-packages/discord/client.py", line 563, in connect
    self.ws = await asyncio.wait_for(coro, timeout=60.0)
  File "/usr/lib/python3.8/asyncio/tasks.py", line 494, in wait_for
    return fut.result()
  File "/opt/virtualenvs/python3/lib/python3.8/site-packages/discord/gateway.py", line 305, in from_client
    gateway = gateway or await client.http.get_gateway()
  File "/opt/virtualenvs/python3/lib/python3.8/site-packages/discord/http.py", line 969, in get_gateway
    raise GatewayNotFound() from exc
discord.errors.GatewayNotFound: The gateway to connect to discord was not found.
ERROR:discord.client:Attempting a reconnect in 62.49s
Traceback (most recent call last):
  File "/opt/virtualenvs/python3/lib/python3.8/site-packages/discord/http.py", line 967, in get_gateway
    data = await self.request(Route('GET', '/gateway'))
  File "/opt/virtualenvs/python3/lib/python3.8/site-packages/discord/http.py", line 216, in request
    raise HTTPException(r, data)
discord.errors.HTTPException: 429 Too Many Requests (error code: 0): You are being blocked from accessing our API temporarily due to exceeding our rate limits frequently. Please read our docs at https://discord.com/developers/docs/topics/rate-limits to prevent this moving forward.

The above exception was the direct cause of the following exception:

Traceback (most recent call last):
  File "/opt/virtualenvs/python3/lib/python3.8/site-packages/discord/client.py", line 563, in connect
    self.ws = await asyncio.wait_for(coro, timeout=60.0)
  File "/usr/lib/python3.8/asyncio/tasks.py", line 494, in wait_for
    return fut.result()
  File "/opt/virtualenvs/python3/lib/python3.8/site-packages/discord/gateway.py", line 305, in from_client
    gateway = gateway or await client.http.get_gateway()
  File "/opt/virtualenvs/python3/lib/python3.8/site-packages/discord/http.py", line 969, in get_gateway
    raise GatewayNotFound() from exc
discord.errors.GatewayNotFound: The gateway to connect to discord was not found.
ERROR:discord.client:Attempting a reconnect in 98.92s
Traceback (most recent call last):
  File "/opt/virtualenvs/python3/lib/python3.8/site-packages/discord/http.py", line 967, in get_gateway
    data = await self.request(Route('GET', '/gateway'))
  File "/opt/virtualenvs/python3/lib/python3.8/site-packages/discord/http.py", line 216, in request
    raise HTTPException(r, data)
discord.errors.HTTPException: 429 Too Many Requests (error code: 0): You are being blocked from accessing our API temporarily due to exceeding our rate limits frequently. Please read our docs at https://discord.com/developers/docs/topics/rate-limits to prevent this moving forward.

The above exception was the direct cause of the following exception:

Traceback (most recent call last):
  File "/opt/virtualenvs/python3/lib/python3.8/site-packages/discord/client.py", line 563, in connect
    self.ws = await asyncio.wait_for(coro, timeout=60.0)
  File "/usr/lib/python3.8/asyncio/tasks.py", line 494, in wait_for
    return fut.result()
  File "/opt/virtualenvs/python3/lib/python3.8/site-packages/discord/gateway.py", line 305, in from_client
    gateway = gateway or await client.http.get_gateway()
  File "/opt/virtualenvs/python3/lib/python3.8/site-packages/discord/http.py", line 969, in get_gateway
    raise GatewayNotFound() from exc
discord.errors.GatewayNotFound: The gateway to connect to discord was not found.
ERROR:discord.client:Attempting a reconnect in 31.57s
Traceback (most recent call last):
  File "/opt/virtualenvs/python3/lib/python3.8/site-packages/discord/http.py", line 967, in get_gateway
    data = await self.request(Route('GET', '/gateway'))
  File "/opt/virtualenvs/python3/lib/python3.8/site-packages/discord/http.py", line 216, in request
    raise HTTPException(r, data)
discord.errors.HTTPException: 429 Too Many Requests (error code: 0): You are being blocked from accessing our API temporarily due to exceeding our rate limits frequently. Please read our docs at https://discord.com/developers/docs/topics/rate-limits to prevent this moving forward.

The above exception was the direct cause of the following exception:

Traceback (most recent call last):
  File "/opt/virtualenvs/python3/lib/python3.8/site-packages/discord/client.py", line 563, in connect
    self.ws = await asyncio.wait_for(coro, timeout=60.0)
  File "/usr/lib/python3.8/asyncio/tasks.py", line 494, in wait_for
    return fut.result()
  File "/opt/virtualenvs/python3/lib/python3.8/site-packages/discord/gateway.py", line 305, in from_client
    gateway = gateway or await client.http.get_gateway()
  File "/opt/virtualenvs/python3/lib/python3.8/site-packages/discord/http.py", line 969, in get_gateway
    raise GatewayNotFound() from exc
discord.errors.GatewayNotFound: The gateway to connect to discord was not found.
ERROR:discord.client:Attempting a reconnect in 291.73s
Traceback (most recent call last):
  File "/opt/virtualenvs/python3/lib/python3.8/site-packages/discord/http.py", line 967, in get_gateway
    data = await self.request(Route('GET', '/gateway'))
  File "/opt/virtualenvs/python3/lib/python3.8/site-packages/discord/http.py", line 216, in request
    raise HTTPException(r, data)
discord.errors.HTTPException: 429 Too Many Requests (error code: 0): You are being blocked from accessing our API temporarily due to exceeding our rate limits frequently. Please read our docs at https://discord.com/developers/docs/topics/rate-limits to prevent this moving forward.

The above exception was the direct cause of the following exception:

Traceback (most recent call last):
  File "/opt/virtualenvs/python3/lib/python3.8/site-packages/discord/client.py", line 563, in connect
    self.ws = await asyncio.wait_for(coro, timeout=60.0)
  File "/usr/lib/python3.8/asyncio/tasks.py", line 494, in wait_for
    return fut.result()
  File "/opt/virtualenvs/python3/lib/python3.8/site-packages/discord/gateway.py", line 305, in from_client
    gateway = gateway or await client.http.get_gateway()
  File "/opt/virtualenvs/python3/lib/python3.8/site-packages/discord/http.py", line 969, in get_gateway
    raise GatewayNotFound() from exc
discord.errors.GatewayNotFound: The gateway to connect to discord was not found.
INFO:werkzeug:172.18.0.1 - - [29/Jan/2022 09:42:11] "HEAD / HTTP/1.1" 200 -
ERROR:discord.client:Attempting a reconnect in 249.35s
Traceback (most recent call last):
  File "/opt/virtualenvs/python3/lib/python3.8/site-packages/discord/http.py", line 967, in get_gateway
    data = await self.request(Route('GET', '/gateway'))
  File "/opt/virtualenvs/python3/lib/python3.8/site-packages/discord/http.py", line 216, in request
    raise HTTPException(r, data)
discord.errors.HTTPException: 429 Too Many Requests (error code: 0): You are being blocked from accessing our API temporarily due to exceeding our rate limits frequently. Please read our docs at https://discord.com/developers/docs/topics/rate-limits to prevent this moving forward.

The above exception was the direct cause of the following exception:

Traceback (most recent call last):
  File "/opt/virtualenvs/python3/lib/python3.8/site-packages/discord/client.py", line 563, in connect
    self.ws = await asyncio.wait_for(coro, timeout=60.0)
  File "/usr/lib/python3.8/asyncio/tasks.py", line 494, in wait_for
    return fut.result()
  File "/opt/virtualenvs/python3/lib/python3.8/site-packages/discord/gateway.py", line 305, in from_client
    gateway = gateway or await client.http.get_gateway()
  File "/opt/virtualenvs/python3/lib/python3.8/site-packages/discord/http.py", line 969, in get_gateway
    raise GatewayNotFound() from exc
discord.errors.GatewayNotFound: The gateway to connect to discord was not found.
INFO:werkzeug:172.18.0.1 - - [29/Jan/2022 09:47:11] "HEAD / HTTP/1.1" 200 -
ERROR:discord.client:Attempting a reconnect in 967.14s
Traceback (most recent call last):
  File "/opt/virtualenvs/python3/lib/python3.8/site-packages/discord/http.py", line 967, in get_gateway
    data = await self.request(Route('GET', '/gateway'))
  File "/opt/virtualenvs/python3/lib/python3.8/site-packages/discord/http.py", line 216, in request
    raise HTTPException(r, data)
discord.errors.HTTPException: 429 Too Many Requests (error code: 0): You are being blocked from accessing our API temporarily due to exceeding our rate limits frequently. Please read our docs at https://discord.com/developers/docs/topics/rate-limits to prevent this moving forward.

The above exception was the direct cause of the following exception:

Traceback (most recent call last):
  File "/opt/virtualenvs/python3/lib/python3.8/site-packages/discord/client.py", line 563, in connect
    self.ws = await asyncio.wait_for(coro, timeout=60.0)
  File "/usr/lib/python3.8/asyncio/tasks.py", line 494, in wait_for
    return fut.result()
  File "/opt/virtualenvs/python3/lib/python3.8/site-packages/discord/gateway.py", line 305, in from_client
    gateway = gateway or await client.http.get_gateway()
  File "/opt/virtualenvs/python3/lib/python3.8/site-packages/discord/http.py", line 969, in get_gateway
    raise GatewayNotFound() from exc
discord.errors.GatewayNotFound: The gateway to connect to discord was not found.
INFO:werkzeug:172.18.0.1 - - [29/Jan/2022 09:52:11] "HEAD / HTTP/1.1" 200 -
INFO:werkzeug:172.18.0.1 - - [29/Jan/2022 09:57:11] "HEAD / HTTP/1.1" 200 -
INFO:werkzeug:172.18.0.1 - - [29/Jan/2022 10:02:11] "HEAD / HTTP/1.1" 200 -
ERROR:discord.client:Attempting a reconnect in 404.68s
Traceback (most recent call last):
  File "/opt/virtualenvs/python3/lib/python3.8/site-packages/discord/http.py", line 967, in get_gateway
    data = await self.request(Route('GET', '/gateway'))
  File "/opt/virtualenvs/python3/lib/python3.8/site-packages/discord/http.py", line 216, in request
    raise HTTPException(r, data)
discord.errors.HTTPException: 429 Too Many Requests (error code: 0): You are being blocked from accessing our API temporarily due to exceeding our rate limits frequently. Please read our docs at https://discord.com/developers/docs/topics/rate-limits to prevent this moving forward.

The above exception was the direct cause of the following exception:

Traceback (most recent call last):
  File "/opt/virtualenvs/python3/lib/python3.8/site-packages/discord/client.py", line 563, in connect
    self.ws = await asyncio.wait_for(coro, timeout=60.0)
  File "/usr/lib/python3.8/asyncio/tasks.py", line 494, in wait_for
    return fut.result()
  File "/opt/virtualenvs/python3/lib/python3.8/site-packages/discord/gateway.py", line 305, in from_client
    gateway = gateway or await client.http.get_gateway()
  File "/opt/virtualenvs/python3/lib/python3.8/site-packages/discord/http.py", line 969, in get_gateway
    raise GatewayNotFound() from exc
discord.errors.GatewayNotFound: The gateway to connect to discord was not found.
INFO:werkzeug:172.18.0.1 - - [29/Jan/2022 10:07:11] "HEAD / HTTP/1.1" 200 -
INFO:werkzeug:172.18.0.1 - - [29/Jan/2022 10:12:11] "HEAD / HTTP/1.1" 200 -
ERROR:discord.client:Attempting a reconnect in 880.50s
Traceback (most recent call last):
  File "/opt/virtualenvs/python3/lib/python3.8/site-packages/discord/http.py", line 967, in get_gateway
    data = await self.request(Route('GET', '/gateway'))
  File "/opt/virtualenvs/python3/lib/python3.8/site-packages/discord/http.py", line 216, in request
    raise HTTPException(r, data)
discord.errors.HTTPException: 429 Too Many Requests (error code: 0): You are being blocked from accessing our API temporarily due to exceeding our rate limits frequently. Please read our docs at https://discord.com/developers/docs/topics/rate-limits to prevent this moving forward.

The above exception was the direct cause of the following exception:

Traceback (most recent call last):
  File "/opt/virtualenvs/python3/lib/python3.8/site-packages/discord/client.py", line 563, in connect
    self.ws = await asyncio.wait_for(coro, timeout=60.0)
  File "/usr/lib/python3.8/asyncio/tasks.py", line 494, in wait_for
    return fut.result()
  File "/opt/virtualenvs/python3/lib/python3.8/site-packages/discord/gateway.py", line 305, in from_client
    gateway = gateway or await client.http.get_gateway()
  File "/opt/virtualenvs/python3/lib/python3.8/site-packages/discord/http.py", line 969, in get_gateway
    raise GatewayNotFound() from exc
discord.errors.GatewayNotFound: The gateway to connect to discord was not found.
INFO:werkzeug:172.18.0.1 - - [29/Jan/2022 10:17:11] "HEAD / HTTP/1.1" 200 -
INFO:werkzeug:172.18.0.1 - - [29/Jan/2022 10:22:11] "HEAD / HTTP/1.1" 200 -
INFO:werkzeug:172.18.0.1 - - [29/Jan/2022 10:27:11] "HEAD / HTTP/1.1" 200 -
ERROR:discord.client:Attempting a reconnect in 415.85s
Traceback (most recent call last):
  File "/opt/virtualenvs/python3/lib/python3.8/site-packages/discord/http.py", line 967, in get_gateway
    data = await self.request(Route('GET', '/gateway'))
  File "/opt/virtualenvs/python3/lib/python3.8/site-packages/discord/http.py", line 216, in request
    raise HTTPException(r, data)
discord.errors.HTTPException: 429 Too Many Requests (error code: 0): You are being blocked from accessing our API temporarily due to exceeding our rate limits frequently. Please read our docs at https://discord.com/developers/docs/topics/rate-limits to prevent this moving forward.

The above exception was the direct cause of the following exception:

Traceback (most recent call last):
  File "/opt/virtualenvs/python3/lib/python3.8/site-packages/discord/client.py", line 563, in connect
    self.ws = await asyncio.wait_for(coro, timeout=60.0)
  File "/usr/lib/python3.8/asyncio/tasks.py", line 494, in wait_for
    return fut.result()
  File "/opt/virtualenvs/python3/lib/python3.8/site-packages/discord/gateway.py", line 305, in from_client
    gateway = gateway or await client.http.get_gateway()
  File "/opt/virtualenvs/python3/lib/python3.8/site-packages/discord/http.py", line 969, in get_gateway
    raise GatewayNotFound() from exc
discord.errors.GatewayNotFound: The gateway to connect to discord was not found.
INFO:werkzeug:172.18.0.1 - - [29/Jan/2022 10:32:11] "HEAD / HTTP/1.1" 200 -
ERROR:discord.client:Attempting a reconnect in 73.52s
Traceback (most recent call last):
  File "/opt/virtualenvs/python3/lib/python3.8/site-packages/discord/http.py", line 967, in get_gateway
    data = await self.request(Route('GET', '/gateway'))
  File "/opt/virtualenvs/python3/lib/python3.8/site-packages/discord/http.py", line 216, in request
    raise HTTPException(r, data)
discord.errors.HTTPException: 429 Too Many Requests (error code: 0): You are being blocked from accessing our API temporarily due to exceeding our rate limits frequently. Please read our docs at https://discord.com/developers/docs/topics/rate-limits to prevent this moving forward.

The above exception was the direct cause of the following exception:

Traceback (most recent call last):
  File "/opt/virtualenvs/python3/lib/python3.8/site-packages/discord/client.py", line 563, in connect
    self.ws = await asyncio.wait_for(coro, timeout=60.0)
  File "/usr/lib/python3.8/asyncio/tasks.py", line 494, in wait_for
    return fut.result()
  File "/opt/virtualenvs/python3/lib/python3.8/site-packages/discord/gateway.py", line 305, in from_client
    gateway = gateway or await client.http.get_gateway()
  File "/opt/virtualenvs/python3/lib/python3.8/site-packages/discord/http.py", line 969, in get_gateway
    raise GatewayNotFound() from exc
discord.errors.GatewayNotFound: The gateway to connect to discord was not found.
ERROR:discord.client:Attempting a reconnect in 844.14s
Traceback (most recent call last):
  File "/opt/virtualenvs/python3/lib/python3.8/site-packages/discord/http.py", line 967, in get_gateway
    data = await self.request(Route('GET', '/gateway'))
  File "/opt/virtualenvs/python3/lib/python3.8/site-packages/discord/http.py", line 216, in request
    raise HTTPException(r, data)
discord.errors.HTTPException: 429 Too Many Requests (error code: 0): You are being blocked from accessing our API temporarily due to exceeding our rate limits frequently. Please read our docs at https://discord.com/developers/docs/topics/rate-limits to prevent this moving forward.

The above exception was the direct cause of the following exception:

Traceback (most recent call last):
  File "/opt/virtualenvs/python3/lib/python3.8/site-packages/discord/client.py", line 563, in connect
    self.ws = await asyncio.wait_for(coro, timeout=60.0)
  File "/usr/lib/python3.8/asyncio/tasks.py", line 494, in wait_for
    return fut.result()
  File "/opt/virtualenvs/python3/lib/python3.8/site-packages/discord/gateway.py", line 305, in from_client
    gateway = gateway or await client.http.get_gateway()
  File "/opt/virtualenvs/python3/lib/python3.8/site-packages/discord/http.py", line 969, in get_gateway
    raise GatewayNotFound() from exc
discord.errors.GatewayNotFound: The gateway to connect to discord was not found.
INFO:werkzeug:172.18.0.1 - - [29/Jan/2022 10:37:11] "HEAD / HTTP/1.1" 200 -
INFO:werkzeug:172.18.0.1 - - [29/Jan/2022 10:40:10] "GET / HTTP/1.1" 200 -
WARNING:werkzeug: * Running on all addresses.
   WARNING: This is a development server. Do not use it in a production deployment.
INFO:werkzeug: * Running on http://172.18.0.55:8080/ (Press CTRL+C to quit)
INFO:werkzeug:172.18.0.1 - - [29/Jan/2022 10:40:25] "GET / HTTP/1.1" 200 -
WARNING:werkzeug: * Running on all addresses.
   WARNING: This is a development server. Do not use it in a production deployment.
INFO:werkzeug: * Running on http://172.18.0.223:8080/ (Press CTRL+C to quit)
INFO:werkzeug:172.18.0.1 - - [29/Jan/2022 11:07:53] "GET / HTTP/1.1" 200 -
WARNING:werkzeug: * Running on all addresses.
   WARNING: This is a development server. Do not use it in a production deployment.
INFO:werkzeug: * Running on http://172.18.0.110:8080/ (Press CTRL+C to quit)
INFO:werkzeug:172.18.0.1 - - [30/Jan/2022 02:38:30] "GET / HTTP/1.1" 200 -
WARNING:werkzeug: * Running on all addresses.
   WARNING: This is a development server. Do not use it in a production deployment.
INFO:werkzeug: * Running on http://172.18.0.153:8080/ (Press CTRL+C to quit)
INFO:werkzeug:172.18.0.1 - - [30/Jan/2022 11:18:28] "GET / HTTP/1.1" 200 -
WARNING:werkzeug: * Running on all addresses.
   WARNING: This is a development server. Do not use it in a production deployment.
INFO:werkzeug: * Running on http://172.18.1.11:8080/ (Press CTRL+C to quit)
INFO:werkzeug:172.18.0.1 - - [31/Jan/2022 02:23:39] "GET / HTTP/1.1" 200 -
WARNING:werkzeug: * Running on all addresses.
   WARNING: This is a development server. Do not use it in a production deployment.
INFO:werkzeug: * Running on http://172.18.0.254:8080/ (Press CTRL+C to quit)
INFO:werkzeug:172.18.0.1 - - [31/Jan/2022 02:54:30] "GET / HTTP/1.1" 200 -
WARNING:werkzeug: * Running on all addresses.
   WARNING: This is a development server. Do not use it in a production deployment.
INFO:werkzeug: * Running on http://172.18.0.99:8080/ (Press CTRL+C to quit)
INFO:werkzeug:172.18.0.1 - - [31/Jan/2022 04:13:28] "GET / HTTP/1.1" 200 -
WARNING:werkzeug: * Running on all addresses.
   WARNING: This is a development server. Do not use it in a production deployment.
INFO:werkzeug: * Running on http://172.18.1.81:8080/ (Press CTRL+C to quit)
INFO:werkzeug:172.18.0.1 - - [31/Jan/2022 23:04:09] "GET / HTTP/1.1" 200 -
WARNING:werkzeug: * Running on all addresses.
   WARNING: This is a development server. Do not use it in a production deployment.
INFO:werkzeug: * Running on http://172.18.0.65:8080/ (Press CTRL+C to quit)
INFO:werkzeug:172.18.0.1 - - [01/Feb/2022 00:43:17] "GET / HTTP/1.1" 200 -
INFO:werkzeug:172.18.0.1 - - [01/Feb/2022 00:47:45] "HEAD / HTTP/1.1" 200 -
INFO:werkzeug:172.18.0.1 - - [01/Feb/2022 00:52:45] "HEAD / HTTP/1.1" 200 -
INFO:werkzeug:172.18.0.1 - - [01/Feb/2022 00:57:45] "HEAD / HTTP/1.1" 200 -
INFO:werkzeug:172.18.0.1 - - [01/Feb/2022 01:02:45] "HEAD / HTTP/1.1" 200 -
INFO:werkzeug:172.18.0.1 - - [01/Feb/2022 01:07:45] "HEAD / HTTP/1.1" 200 -
WARNING:discord.http:We are being rate limited. Retrying in 1.96 seconds. Handled under the bucket "937877453790126131:None:/channels/{channel_id}/messages"
INFO:werkzeug:172.18.0.1 - - [01/Feb/2022 01:12:45] "HEAD / HTTP/1.1" 200 -
INFO:werkzeug:172.18.0.1 - - [01/Feb/2022 01:17:45] "HEAD / HTTP/1.1" 200 -
INFO:werkzeug:172.18.0.1 - - [01/Feb/2022 01:22:45] "HEAD / HTTP/1.1" 200 -
INFO:werkzeug:172.18.0.1 - - [01/Feb/2022 01:27:45] "HEAD / HTTP/1.1" 200 -
INFO:werkzeug:172.18.0.1 - - [01/Feb/2022 01:32:45] "HEAD / HTTP/1.1" 200 -
INFO:werkzeug:172.18.0.1 - - [01/Feb/2022 01:37:45] "HEAD / HTTP/1.1" 200 -
INFO:werkzeug:172.18.0.1 - - [01/Feb/2022 01:42:45] "HEAD / HTTP/1.1" 200 -
WARNING:discord.http:We are being rate limited. Retrying in 0.24 seconds. Handled under the bucket "937886641194958900:None:/channels/{channel_id}/messages/{message_id}/reactions/{emoji}/@me"
WARNING:discord.http:We are being rate limited. Retrying in 0.23 seconds. Handled under the bucket "937886641194958900:None:/channels/{channel_id}/messages/{message_id}/reactions/{emoji}/@me"
WARNING:discord.http:We are being rate limited. Retrying in 0.22 seconds. Handled under the bucket "937886641194958900:None:/channels/{channel_id}/messages/{message_id}/reactions/{emoji}/@me"
WARNING:discord.http:We are being rate limited. Retrying in 0.21 seconds. Handled under the bucket "937886641194958900:None:/channels/{channel_id}/messages/{message_id}/reactions/{emoji}/@me"
WARNING:discord.http:We are being rate limited. Retrying in 0.23 seconds. Handled under the bucket "937886641194958900:None:/channels/{channel_id}/messages/{message_id}/reactions/{emoji}/@me"
INFO:werkzeug:172.18.0.1 - - [01/Feb/2022 01:47:45] "HEAD / HTTP/1.1" 200 -
INFO:werkzeug:172.18.0.1 - - [01/Feb/2022 01:52:45] "HEAD / HTTP/1.1" 200 -
INFO:werkzeug:172.18.0.1 - - [01/Feb/2022 01:57:45] "HEAD / HTTP/1.1" 200 -
WARNING:discord.http:We are being rate limited. Retrying in 0.17 seconds. Handled under the bucket "920872476827848796:None:/channels/{channel_id}/messages/{message_id}/reactions/{emoji}/@me"
WARNING:discord.http:We are being rate limited. Retrying in 0.20 seconds. Handled under the bucket "920872476827848796:None:/channels/{channel_id}/messages/{message_id}/reactions/{emoji}/@me"
WARNING:discord.http:We are being rate limited. Retrying in 0.24 seconds. Handled under the bucket "920872476827848796:None:/channels/{channel_id}/messages/{message_id}/reactions/{emoji}/@me"
WARNING:discord.http:We are being rate limited. Retrying in 0.21 seconds. Handled under the bucket "920872476827848796:None:/channels/{channel_id}/messages/{message_id}/reactions/{emoji}/@me"
WARNING:discord.http:We are being rate limited. Retrying in 0.18 seconds. Handled under the bucket "920872476827848796:None:/channels/{channel_id}/messages/{message_id}/reactions/{emoji}/@me"
WARNING:discord.http:We are being rate limited. Retrying in 0.12 seconds. Handled under the bucket "920872476827848796:None:/channels/{channel_id}/messages/{message_id}/reactions/{emoji}/@me"
WARNING:discord.http:We are being rate limited. Retrying in 0.20 seconds. Handled under the bucket "920872476827848796:None:/channels/{channel_id}/messages/{message_id}/reactions/{emoji}/@me"
INFO:werkzeug:172.18.0.1 - - [01/Feb/2022 02:02:45] "HEAD / HTTP/1.1" 200 -
WARNING:discord.http:We are being rate limited. Retrying in 0.22 seconds. Handled under the bucket "920872476827848796:None:/channels/{channel_id}/messages/{message_id}/reactions/{emoji}/@me"
WARNING:discord.http:We are being rate limited. Retrying in 0.20 seconds. Handled under the bucket "920872476827848796:None:/channels/{channel_id}/messages/{message_id}/reactions/{emoji}/@me"
INFO:werkzeug:172.18.0.1 - - [01/Feb/2022 02:07:45] "HEAD / HTTP/1.1" 200 -
INFO:werkzeug:172.18.0.1 - - [01/Feb/2022 02:10:18] "GET / HTTP/1.1" 200 -
WARNING:werkzeug: * Running on all addresses.
   WARNING: This is a development server. Do not use it in a production deployment.
INFO:werkzeug: * Running on http://172.18.0.123:8080/ (Press CTRL+C to quit)
INFO:werkzeug:172.18.0.1 - - [01/Feb/2022 23:54:32] "GET / HTTP/1.1" 200 -
WARNING:werkzeug: * Running on all addresses.
   WARNING: This is a development server. Do not use it in a production deployment.
INFO:werkzeug: * Running on http://172.18.0.30:8080/ (Press CTRL+C to quit)
INFO:werkzeug:172.18.0.1 - - [02/Feb/2022 03:19:33] "GET / HTTP/1.1" 200 -
WARNING:werkzeug: * Running on all addresses.
   WARNING: This is a development server. Do not use it in a production deployment.
INFO:werkzeug: * Running on http://172.18.0.114:8080/ (Press CTRL+C to quit)
INFO:werkzeug:172.18.0.1 - - [02/Feb/2022 05:34:34] "GET / HTTP/1.1" 200 -
WARNING:werkzeug: * Running on all addresses.
   WARNING: This is a development server. Do not use it in a production deployment.
INFO:werkzeug: * Running on http://172.18.0.59:8080/ (Press CTRL+C to quit)
INFO:werkzeug:172.18.0.1 - - [02/Feb/2022 20:20:15] "GET / HTTP/1.1" 200 -
WARNING:werkzeug: * Running on all addresses.
   WARNING: This is a development server. Do not use it in a production deployment.
INFO:werkzeug: * Running on http://172.18.0.94:8080/ (Press CTRL+C to quit)
INFO:werkzeug:172.18.0.1 - - [03/Feb/2022 05:10:17] "GET / HTTP/1.1" 200 -
WARNING:werkzeug: * Running on all addresses.
   WARNING: This is a development server. Do not use it in a production deployment.
INFO:werkzeug: * Running on http://172.18.1.80:8080/ (Press CTRL+C to quit)
INFO:werkzeug:172.18.0.1 - - [03/Feb/2022 05:51:05] "GET / HTTP/1.1" 200 -
WARNING:werkzeug: * Running on all addresses.
   WARNING: This is a development server. Do not use it in a production deployment.
INFO:werkzeug: * Running on http://172.18.0.13:8080/ (Press CTRL+C to quit)
INFO:werkzeug:172.18.0.1 - - [03/Feb/2022 06:55:02] "GET / HTTP/1.1" 200 -
WARNING:werkzeug: * Running on all addresses.
   WARNING: This is a development server. Do not use it in a production deployment.
INFO:werkzeug: * Running on http://172.18.0.132:8080/ (Press CTRL+C to quit)
INFO:werkzeug:172.18.0.1 - - [04/Feb/2022 04:34:43] "GET / HTTP/1.1" 200 -
WARNING:werkzeug: * Running on all addresses.
   WARNING: This is a development server. Do not use it in a production deployment.
INFO:werkzeug: * Running on http://172.18.0.19:8080/ (Press CTRL+C to quit)
INFO:werkzeug:172.18.0.1 - - [04/Feb/2022 15:54:21] "GET / HTTP/1.1" 200 -
WARNING:werkzeug: * Running on all addresses.
   WARNING: This is a development server. Do not use it in a production deployment.
INFO:werkzeug: * Running on http://172.18.0.56:8080/ (Press CTRL+C to quit)
INFO:werkzeug:172.18.0.1 - - [05/Feb/2022 10:24:27] "GET / HTTP/1.1" 200 -
WARNING:werkzeug: * Running on all addresses.
   WARNING: This is a development server. Do not use it in a production deployment.
INFO:werkzeug: * Running on http://172.18.0.82:8080/ (Press CTRL+C to quit)
INFO:werkzeug:172.18.0.1 - - [06/Feb/2022 07:04:23] "GET / HTTP/1.1" 200 -
WARNING:werkzeug: * Running on all addresses.
   WARNING: This is a development server. Do not use it in a production deployment.
INFO:werkzeug: * Running on http://172.18.0.18:8080/ (Press CTRL+C to quit)
INFO:werkzeug:172.18.0.1 - - [07/Feb/2022 02:34:23] "GET / HTTP/1.1" 200 -
INFO:werkzeug:172.18.0.1 - - [07/Feb/2022 02:38:54] "HEAD / HTTP/1.1" 200 -
INFO:werkzeug:172.18.0.1 - - [07/Feb/2022 02:43:54] "HEAD / HTTP/1.1" 200 -
INFO:werkzeug:172.18.0.1 - - [07/Feb/2022 02:48:54] "HEAD / HTTP/1.1" 200 -
INFO:werkzeug:172.18.0.1 - - [07/Feb/2022 02:53:54] "HEAD / HTTP/1.1" 200 -
INFO:werkzeug:172.18.0.1 - - [07/Feb/2022 02:58:54] "HEAD / HTTP/1.1" 200 -
INFO:werkzeug:172.18.0.1 - - [07/Feb/2022 03:03:54] "HEAD / HTTP/1.1" 200 -
INFO:werkzeug:172.18.0.1 - - [07/Feb/2022 03:08:54] "HEAD / HTTP/1.1" 200 -
INFO:werkzeug:172.18.0.1 - - [07/Feb/2022 03:13:56] "HEAD / HTTP/1.1" 200 -
INFO:werkzeug:172.18.0.1 - - [07/Feb/2022 03:18:54] "HEAD / HTTP/1.1" 200 -
INFO:werkzeug:172.18.0.1 - - [07/Feb/2022 03:23:54] "HEAD / HTTP/1.1" 200 -
INFO:werkzeug:172.18.0.1 - - [07/Feb/2022 03:28:54] "HEAD / HTTP/1.1" 200 -
INFO:werkzeug:172.18.0.1 - - [07/Feb/2022 03:33:54] "HEAD / HTTP/1.1" 200 -
INFO:werkzeug:172.18.0.1 - - [07/Feb/2022 03:38:54] "HEAD / HTTP/1.1" 200 -
INFO:werkzeug:172.18.0.1 - - [07/Feb/2022 03:43:54] "HEAD / HTTP/1.1" 200 -
INFO:werkzeug:172.18.0.1 - - [07/Feb/2022 03:48:54] "HEAD / HTTP/1.1" 200 -
INFO:werkzeug:172.18.0.1 - - [07/Feb/2022 03:53:54] "HEAD / HTTP/1.1" 200 -
INFO:werkzeug:172.18.0.1 - - [07/Feb/2022 03:58:54] "HEAD / HTTP/1.1" 200 -
INFO:werkzeug:172.18.0.1 - - [07/Feb/2022 04:03:54] "HEAD / HTTP/1.1" 200 -
INFO:werkzeug:172.18.0.1 - - [07/Feb/2022 04:08:54] "HEAD / HTTP/1.1" 200 -
INFO:werkzeug:172.18.0.1 - - [07/Feb/2022 04:13:54] "HEAD / HTTP/1.1" 200 -
INFO:werkzeug:172.18.0.1 - - [07/Feb/2022 04:18:54] "HEAD / HTTP/1.1" 200 -
INFO:werkzeug:172.18.0.1 - - [07/Feb/2022 04:23:54] "HEAD / HTTP/1.1" 200 -
INFO:werkzeug:172.18.0.1 - - [07/Feb/2022 04:28:54] "HEAD / HTTP/1.1" 200 -
INFO:werkzeug:172.18.0.1 - - [07/Feb/2022 04:30:14] "GET / HTTP/1.1" 200 -
INFO:werkzeug:172.18.0.1 - - [07/Feb/2022 04:33:57] "HEAD / HTTP/1.1" 200 -
INFO:werkzeug:172.18.0.1 - - [07/Feb/2022 04:38:54] "HEAD / HTTP/1.1" 200 -
INFO:werkzeug:172.18.0.1 - - [07/Feb/2022 04:43:54] "HEAD / HTTP/1.1" 200 -
INFO:werkzeug:172.18.0.1 - - [07/Feb/2022 04:48:54] "HEAD / HTTP/1.1" 200 -
INFO:werkzeug:172.18.0.1 - - [07/Feb/2022 04:53:54] "HEAD / HTTP/1.1" 200 -
INFO:werkzeug:172.18.0.1 - - [07/Feb/2022 04:58:54] "HEAD / HTTP/1.1" 200 -
INFO:werkzeug:172.18.0.1 - - [07/Feb/2022 05:03:54] "HEAD / HTTP/1.1" 200 -
INFO:werkzeug:172.18.0.1 - - [07/Feb/2022 05:05:17] "GET / HTTP/1.1" 200 -
INFO:werkzeug:172.18.0.1 - - [07/Feb/2022 05:08:54] "HEAD / HTTP/1.1" 200 -
INFO:werkzeug:172.18.0.1 - - [07/Feb/2022 05:13:54] "HEAD / HTTP/1.1" 200 -
